SecCoreStartupWithStack(0xFFFCC000, 0x820000)
Register PPI Notify: DCD0BE23-9586-40F4-B643-06522CED4EDE
Install PPI: 8C8CE578-8A3D-4F1C-9935-896185C32DD3
Install PPI: 5473C07A-3DCB-4DCA-BD6F-1E9689E7349A
The 0th FV start address is 0x00000820000, size is 0x000E0000, handle is 0x820000
Register PPI Notify: 49EDB1C1-BF21-4761-BB12-EB0031AABB39
Register PPI Notify: EA7CA24B-DED5-4DAD-A389-BF827E8F9B38
Install PPI: B9E0ABFE-5979-4914-977F-6DEE78C278A6
Install PPI: DBE23AA9-A345-4B97-85B6-B226F1617389
DiscoverPeimsAndOrderWithApriori(): Found 0x7 PEI FFS files in the 0th FV
Loading PEIM 9B3ADA4F-AE56-4C24-8DEA-F03B7558AE50
Loading PEIM at 0x0000082BE00 EntryPoint=0x0000082C816 PcdPeim.efi
Install PPI: 06E81C58-4AD7-44BC-8390-F10265F72480
Install PPI: 01F34D25-4DE2-23AD-3FF3-36353FF323F1
Install PPI: 4D8B155B-C059-4C8F-8926-06FD4331DB8A
Install PPI: A60C6B59-E459-425D-9C69-0BCC9CB27D81
Register PPI Notify: 605EA650-C65C-42E1-BA80-91A52AB618C6
Loading PEIM A3610442-E69F-4DF3-82CA-2360C4031A23
Loading PEIM at 0x00000830740 EntryPoint=0x00000831ACB ReportStatusCodeRouterPei.efi
Install PPI: 0065D394-9951-4144-82A3-0AFC8579C251
Install PPI: 229832D3-7A30-4B36-B827-F40CB7D45436
Loading PEIM 9D225237-FA01-464C-A949-BAABC02D31D0
Loading PEIM at 0x000008327C0 EntryPoint=0x00000832B92 StatusCodeHandlerPei.efi
Loading PEIM 222C386D-5ABC-4FB4-B124-FBB82488ACF4
Loading PEIM at 0x000008348C0 EntryPoint=0x00000834B00 PlatformPei.efi
Select Item: 0x0
FW CFG Signature: 0x554D4551
Select Item: 0x1
FW CFG Revision: 0x3
QemuFwCfg interface (DMA) is supported.
Platform PEIM Loaded
CMOS:
00: 44 00 16 00 00 00 06 27 12 19 26 02 00 80 00 00
10: 40 00 F0 00 07 80 02 FF FF 2F 00 5D 00 10 FF FF
20: C8 5D 00 3F 00 00 00 00 00 00 00 00 00 00 00 00
30: FF FF 20 00 00 1F 00 20 30 02 00 00 00 12 00 00
40: 00 00 00 00 00 00 00 00 00 00 00 00 00 00 00 00
50: 00 00 00 00 00 00 00 00 00 00 00 00 00 00 00 00
60: 00 00 00 00 00 00 00 00 00 00 00 00 00 00 00 00
70: 00 00 00 00 00 00 00 00 00 00 00 00 00 00 00 00
Select Item: 0x19
Select Item: 0x25
S3 support was detected on QEMU
Install PPI: 7408D748-FC8C-4EE6-9288-C4BEC092A410
Select Item: 0x19
Select Item: 0x23
Select Item: 0x5
MaxCpuCountInitialization: QEMU reports 1 processor(s)
PublishPeiMemory: mPhysMemAddressWidth=36 PeiMemoryCap=65536 KB
PeiInstallPeiMemory MemoryBegin 0x1BF78000, MemoryLength 0x4000000
QemuInitializeRam called
Select Item: 0x19
Select Item: 0x23
Reserved variable store memory: 0x1FEF4000; size: 528kb
Platform PEI Firmware Volume Initialization
Install PPI: 49EDB1C1-BF21-4761-BB12-EB0031AABB39
Notify: PPI Guid: 49EDB1C1-BF21-4761-BB12-EB0031AABB39, Peim notify entry point: 825EBC
The 1th FV start address is 0x00000900000, size is 0x00B00000, handle is 0x900000
Select Item: 0x19
Select Item: 0x19
Register PPI Notify: EE16160A-E8BE-47A6-820A-C6900DB0250A
Select Item: 0x19
Temp Stack : BaseAddress=0x818000 Length=0x8000
Temp Heap  : BaseAddress=0x810000 Length=0x8000
Total temporary memory:    65536 bytes.
  temporary memory stack ever used:       3404 bytes.
  temporary memory heap used for HobList: 4752 bytes.
  temporary memory heap occupied by memory pages: 0 bytes.
Memory Allocation 0x0000000A 0x1FF78000 - 0x1FFFFFFF
Memory Allocation 0x0000000A 0x810000 - 0x81FFFF
Memory Allocation 0x0000000A 0x807000 - 0x807FFF
Memory Allocation 0x0000000A 0x806000 - 0x806FFF
Memory Allocation 0x00000006 0x1FEF4000 - 0x1FF77FFF
Memory Allocation 0x0000000A 0x820000 - 0x8FFFFF
Memory Allocation 0x00000004 0x900000 - 0x13FFFFF
Old Stack size 32768, New stack size 131072
Stack Hob: BaseAddress=0x1BF78000 Length=0x20000
Heap Offset = 0x1B788000 Stack Offset = 0x1B778000
TemporaryRamMigration(0x810000, 0x1BF90000, 0x10000)
Loading PEIM 52C05B14-0B98-496C-BC3B-04B50211D680
Loading PEIM at 0x0001FEE8000 EntryPoint=0x0001FEEC268 PeiCore.efi
Reinstall PPI: 8C8CE578-8A3D-4F1C-9935-896185C32DD3
Reinstall PPI: 5473C07A-3DCB-4DCA-BD6F-1E9689E7349A
Reinstall PPI: B9E0ABFE-5979-4914-977F-6DEE78C278A6
Install PPI: F894643D-C449-42D1-8EA8-85BDD8C65BDE
Loading PEIM 86D70125-BAA3-4296-A62F-602BEBBB9081
Loading PEIM at 0x0001FEE1000 EntryPoint=0x0001FEE4B68 DxeIpl.efi
Install PPI: 1A36E4E7-FAB6-476A-8E75-695A0576FDD7
Install PPI: 0AE8CE5D-E448-4437-A8D7-EBF5F194F731
Loading PEIM 89E549B0-7CFE-449D-9BA3-10D8B2312D71
Loading PEIM at 0x0001FEDC000 EntryPoint=0x0001FEDE3E1 S3Resume2Pei.efi
Install PPI: 6D582DBC-DB85-4514-8FCC-5ADF6227B147
Loading PEIM EDADEB9D-DDBA-48BD-9D22-C1C169C8C5C6
Loading PEIM at 0x0001FED2000 EntryPoint=0x0001FED54C2 CpuMpPei.efi
Register PPI Notify: F894643D-C449-42D1-8EA8-85BDD8C65BDE
Notify: PPI Guid: F894643D-C449-42D1-8EA8-85BDD8C65BDE, Peim notify entry point: 1FED2240
AP Loop Mode is 1
Register PPI Notify: 8F9D4825-797D-48FC-8471-845025792EF6
Does not find any stored CPU BIST information from PPI!
  APICID - 0x00000000, BIST - 0x00000000
Install PPI: 9E9F374B-8F16-4230-9824-5846EE766A97
Install PPI: 5CB9CB3D-31A4-480C-9498-29D269BACFBA
Install PPI: EE16160A-E8BE-47A6-820A-C6900DB0250A
Notify: PPI Guid: EE16160A-E8BE-47A6-820A-C6900DB0250A, Peim notify entry point: 837D91
PlatformPei: ClearCacheOnMpServicesAvailable
DiscoverPeimsAndOrderWithApriori(): Found 0x0 PEI FFS files in the 1th FV
DXE IPL Entry
Loading PEIM D6A2CB7F-6A18-4E2F-B43B-9920A733700A
Loading PEIM at 0x0001FEA1000 EntryPoint=0x0001FEA1240 DxeCore.efi
Loading DXE CORE at 0x0001FEA1000 EntryPoint=0x0001FEA1240
Install PPI: 605EA650-C65C-42E1-BA80-91A52AB618C6
Notify: PPI Guid: 605EA650-C65C-42E1-BA80-91A52AB618C6, Peim notify entry point: 82EEC6
HandOffToDxeCore() Stack Base: 0x1FE81000, Stack Size: 0x20000
CoreInitializeMemoryServices:
  BaseAddress - 0x1BF9A000 Length - 0x3EE7000 MinimalMemorySizeNeeded - 0x10F4000
InstallProtocolInterface: 5B1B31A1-9562-11D2-8E3F-00A0C969723B 1FEC37D8
ProtectUefiImageCommon - 0x1FEC37D8
  - 0x000000001FEA1000 - 0x0000000000028000
HOBLIST address in DXE = 0x1FC98010
Memory Allocation 0x0000000A 0x1FF78000 - 0x1FFFFFFF
Memory Allocation 0x0000000A 0x810000 - 0x81FFFF
Memory Allocation 0x0000000A 0x807000 - 0x807FFF
Memory Allocation 0x0000000A 0x806000 - 0x806FFF
Memory Allocation 0x00000006 0x1FEF4000 - 0x1FF77FFF
Memory Allocation 0x0000000A 0x820000 - 0x8FFFFF
Memory Allocation 0x00000004 0x900000 - 0x13FFFFF
Memory Allocation 0x00000004 0x1FE81000 - 0x1FEA0FFF
Memory Allocation 0x00000003 0x1FEE8000 - 0x1FEF3FFF
Memory Allocation 0x00000003 0x1FEE1000 - 0x1FEE7FFF
Memory Allocation 0x00000003 0x1FEDC000 - 0x1FEE0FFF
Memory Allocation 0x00000003 0x1FED2000 - 0x1FEDBFFF
Memory Allocation 0x00000004 0x1FEC9000 - 0x1FED1FFF
Memory Allocation 0x00000003 0x1FEA1000 - 0x1FEC8FFF
Memory Allocation 0x00000003 0x1FEA1000 - 0x1FEC8FFF
Memory Allocation 0x00000004 0x1FE81000 - 0x1FEA0FFF
Memory Allocation 0x00000004 0x1BF78000 - 0x1BF97FFF
FV Hob            0x900000 - 0x13FFFFF
InstallProtocolInterface: D8117CFE-94A6-11D4-9A3A-0090273FC14D 1FEC3AF8
InstallProtocolInterface: 8F644FA9-E850-4DB1-9CE2-0B44698E8DA4 1FC94C9C
InstallProtocolInterface: 09576E91-6D3F-11D2-8E39-00A0C969723B 1FC94D10
InstallProtocolInterface: 220E73B6-6BDB-4413-8405-B974B108619A 1FC93F1C
InstallProtocolInterface: EE4E5898-3914-4259-9D6E-DC7BD79403CF 1FEC39AC
Loading driver 9B680FCE-AD6B-4F3A-B60B-F59899003443
InstallProtocolInterface: 5B1B31A1-9562-11D2-8E3F-00A0C969723B 1F9AE2A8
Loading driver at 0x0001FE11000 EntryPoint=0x0001FE1614E DevicePathDxe.efi
InstallProtocolInterface: BC62157E-3E33-4FEC-9920-2D3B36D750DF 1F97EB10
ProtectUefiImageCommon - 0x1F9AE2A8
  - 0x000000001FE11000 - 0x000000000000A500
InstallProtocolInterface: 0379BE4E-D706-437D-B037-EDB82FB772A4 1FE1A1A0
InstallProtocolInterface: 8B843E20-8132-4852-90CC-551A4E4A7F1C 1FE1A198
InstallProtocolInterface: 05C99A21-C70F-4AD2-8A5F-35DF3343F51E 1FE1A190
Loading driver 80CF7257-87AB-47F9-A3FE-D50B76D89541
InstallProtocolInterface: 5B1B31A1-9562-11D2-8E3F-00A0C969723B 1F97E828
Loading driver at 0x0001FE0B000 EntryPoint=0x0001FE0CECC PcdDxe.efi
InstallProtocolInterface: BC62157E-3E33-4FEC-9920-2D3B36D750DF 1F97E610
ProtectUefiImageCommon - 0x1F97E828
  - 0x000000001FE0B000 - 0x0000000000005A80
InstallProtocolInterface: 11B34006-D85B-4D0A-A290-D5A571310EF7 1FE103E0
InstallProtocolInterface: 13A3F0F6-264A-3EF0-F2E0-DEC512342F34 1FE10380
InstallProtocolInterface: 5BE40F57-FA68-4610-BBBF-E9C5FCDAD365 1FE10354
InstallProtocolInterface: FD0F4478-0EFD-461D-BA2D-E58C45FD5F5E 1FE1033C
Loading driver 733CBAC2-B23F-4B92-BC8E-FB01CE5907B7
InstallProtocolInterface: 5B1B31A1-9562-11D2-8E3F-00A0C969723B 1F989228
Loading driver at 0x0001FE45000 EntryPoint=0x0001FE46000 FvbServicesRuntimeDxe.efi
InstallProtocolInterface: BC62157E-3E33-4FEC-9920-2D3B36D750DF 1F989690
ProtectUefiImageCommon - 0x1F989228
  - 0x000000001FE45000 - 0x0000000000007000
QEMU Flash: Attempting flash detection at FFC00010
QemuFlashDetected => FD behaves as ROM
QemuFlashDetected => No
QEMU flash was not detected. Writable FVB is not being installed.
Error: Image at 0001FE45000 start failed: Write Protected
Loading driver D93CE3D8-A7EB-4730-8C8E-CC466A9ECC3C
InstallProtocolInterface: 5B1B31A1-9562-11D2-8E3F-00A0C969723B 1F989228
Loading driver at 0x0001FE46000 EntryPoint=0x0001FE47B52 ReportStatusCodeRouterRuntimeDxe.efi
InstallProtocolInterface: BC62157E-3E33-4FEC-9920-2D3B36D750DF 1F989710
ProtectUefiImageCommon - 0x1F989228
  - 0x000000001FE46000 - 0x0000000000006000
InstallProtocolInterface: 86212936-0E76-41C8-A03A-2AF2FC1C39E2 1FE4A024
InstallProtocolInterface: D2B2B828-0826-48A7-B3DF-983C006024F0 1FE4A010
Loading driver B601F8C4-43B7-4784-95B1-F4226CB40CEE
InstallProtocolInterface: 5B1B31A1-9562-11D2-8E3F-00A0C969723B 1F986C28
Loading driver at 0x0001FE40000 EntryPoint=0x0001FE41217 RuntimeDxe.efi
InstallProtocolInterface: BC62157E-3E33-4FEC-9920-2D3B36D750DF 1F986810
ProtectUefiImageCommon - 0x1F986C28
  - 0x000000001FE40000 - 0x0000000000006000
InstallProtocolInterface: B7DFB4E1-052F-449F-87BE-9818FC91B733 1FE44020
Loading driver F80697E9-7FD6-4665-8646-88E33EF71DFC
InstallProtocolInterface: 5B1B31A1-9562-11D2-8E3F-00A0C969723B 1F986328
Loading driver at 0x0001FE08000 EntryPoint=0x0001FE09551 SecurityStubDxe.efi
InstallProtocolInterface: BC62157E-3E33-4FEC-9920-2D3B36D750DF 1F986610
ProtectUefiImageCommon - 0x1F986328
  - 0x000000001FE08000 - 0x0000000000002B80
InstallProtocolInterface: 94AB2F58-1438-4EF1-9152-18941A3A0E68 1FE0A878
InstallProtocolInterface: A46423E3-4617-49F1-B9FF-D1BFA9115839 1FE0A874
InstallProtocolInterface: 15853D7C-3DDF-43E0-A1CB-EBF85B8F872C 1FE0A860
Loading driver 13AC6DD0-73D0-11D4-B06B-00AA00BD6DE7
InstallProtocolInterface: 5B1B31A1-9562-11D2-8E3F-00A0C969723B 1F9828A8
Loading driver at 0x0001FE01000 EntryPoint=0x0001FE057D1 EbcDxe.efi
InstallProtocolInterface: BC62157E-3E33-4FEC-9920-2D3B36D750DF 1F982690
ProtectUefiImageCommon - 0x1F9828A8
  - 0x000000001FE01000 - 0x0000000000006340
InstallProtocolInterface: 13AC6DD1-73D0-11D4-B06B-00AA00BD6DE7 1F982590
InstallProtocolInterface: 96F46153-97A7-4793-ACC1-FA19BF78EA97 1FE06EC4
InstallProtocolInterface: 2755590C-6F3C-42FA-9EA4-A3BA543CDA25 1F985010
InstallProtocolInterface: AAEACCFD-F27B-4C17-B610-75CA1F2DFB52 1F985E90
Loading driver 245CB4DA-8E15-4A1B-87E3-9878FFA07520
InstallProtocolInterface: 5B1B31A1-9562-11D2-8E3F-00A0C969723B 1F9850A8
Loading driver at 0x0001FDFF000 EntryPoint=0x0001FE002C5 Legacy8259.efi
InstallProtocolInterface: BC62157E-3E33-4FEC-9920-2D3B36D750DF 1F985910
ProtectUefiImageCommon - 0x1F9850A8
  - 0x000000001FDFF000 - 0x0000000000001E40
InstallProtocolInterface: 38321DBA-4FE0-4E17-8AEC-413055EAEDC1 1FE00C00
Loading driver A19B1FE7-C1BC-49F8-875F-54A5D542443F
InstallProtocolInterface: 5B1B31A1-9562-11D2-8E3F-00A0C969723B 1F9852A8
Loading driver at 0x0001FDFC000 EntryPoint=0x0001FDFD594 CpuIo2Dxe.efi
InstallProtocolInterface: BC62157E-3E33-4FEC-9920-2D3B36D750DF 1F985510
ProtectUefiImageCommon - 0x1F9852A8
  - 0x000000001FDFC000 - 0x00000000000022C0
InstallProtocolInterface: AD61F191-AE5F-4C0E-B9FA-E869D288C64F 1FDFE080
Loading driver 1A1E4886-9517-440E-9FDE-3BE44CEE2136
InstallProtocolInterface: 5B1B31A1-9562-11D2-8E3F-00A0C969723B 1F984BA8
Loading driver at 0x0001FDEB000 EntryPoint=0x0001FDEB240 CpuDxe.efi
InstallProtocolInterface: BC62157E-3E33-4FEC-9920-2D3B36D750DF 1F984A10
ProtectUefiImageCommon - 0x1F984BA8
  - 0x000000001FDEB000 - 0x0000000000010040
CurrentPagingContext:
  MachineType   - 0x14C
  PageTableBase - 0x0
  Attributes    - 0x0
InstallProtocolInterface: 26BACCB1-6F42-11D4-BCE7-0080C73C8881 1FDFA000
MemoryProtectionCpuArchProtocolNotify:
ProtectUefiImageCommon - 0x1FEC37D8
  - 0x000000001FEA1000 - 0x0000000000028000
ProtectUefiImageCommon - 0x1F9AE2A8
  - 0x000000001FE11000 - 0x000000000000A500
ProtectUefiImageCommon - 0x1F97E828
  - 0x000000001FE0B000 - 0x0000000000005A80
ProtectUefiImageCommon - 0x1F989228
  - 0x000000001FE46000 - 0x0000000000006000
SetUefiImageMemoryAttributes - 0x000000001FE46000 - 0x0000000000001000 (0x0000000000004000)
PageTable is 0!
SetUefiImageMemoryAttributes - 0x000000001FE47000 - 0x0000000000003000 (0x0000000000020000)
PageTable is 0!
SetUefiImageMemoryAttributes - 0x000000001FE4A000 - 0x0000000000002000 (0x0000000000004000)
PageTable is 0!
ProtectUefiImageCommon - 0x1F986C28
  - 0x000000001FE40000 - 0x0000000000006000
SetUefiImageMemoryAttributes - 0x000000001FE40000 - 0x0000000000001000 (0x0000000000004000)
PageTable is 0!
SetUefiImageMemoryAttributes - 0x000000001FE41000 - 0x0000000000003000 (0x0000000000020000)
PageTable is 0!
SetUefiImageMemoryAttributes - 0x000000001FE44000 - 0x0000000000002000 (0x0000000000004000)
PageTable is 0!
ProtectUefiImageCommon - 0x1F986328
  - 0x000000001FE08000 - 0x0000000000002B80
ProtectUefiImageCommon - 0x1F9828A8
  - 0x000000001FE01000 - 0x0000000000006340
ProtectUefiImageCommon - 0x1F9850A8
  - 0x000000001FDFF000 - 0x0000000000001E40
ProtectUefiImageCommon - 0x1F9852A8
  - 0x000000001FDFC000 - 0x00000000000022C0
ProtectUefiImageCommon - 0x1F984BA8
  - 0x000000001FDEB000 - 0x0000000000010040
AP Loop Mode is 1
Detect CPU count: 1
InstallProtocolInterface: 3FDDA605-A76E-4F46-AD29-12F4531B3D08 1FDF9FB8
Loading driver F6697AC4-A776-4EE1-B643-1FEFF2B615BB
InstallProtocolInterface: 5B1B31A1-9562-11D2-8E3F-00A0C969723B 1F981728
Loading driver at 0x0001FDE3000 EntryPoint=0x0001FDE41F1 IncompatiblePciDeviceSupportDxe.efi
InstallProtocolInterface: BC62157E-3E33-4FEC-9920-2D3B36D750DF 1F981090
ProtectUefiImageCommon - 0x1F981728
  - 0x000000001FDE3000 - 0x0000000000002140
Error: Image at 0001FDE3000 start failed: Unsupported
Loading driver 11A6EDF6-A9BE-426D-A6CC-B22FE51D9224
InstallProtocolInterface: 5B1B31A1-9562-11D2-8E3F-00A0C969723B 1F981728
Loading driver at 0x0001FDE0000 EntryPoint=0x0001FDE1ABF PciHotPlugInitDxe.efi
InstallProtocolInterface: BC62157E-3E33-4FEC-9920-2D3B36D750DF 1F981290
ProtectUefiImageCommon - 0x1F981728
  - 0x000000001FDE0000 - 0x0000000000005440
InstallProtocolInterface: AA0E8BC1-DABC-46B0-A844-37B8169B2BEA 1FDE5088
Loading driver 4B28E4C7-FF36-4E10-93CF-A82159E777C5
InstallProtocolInterface: 5B1B31A1-9562-11D2-8E3F-00A0C969723B 1F981428
Loading driver at 0x0001FE39000 EntryPoint=0x0001FE3AEC6 ResetSystemRuntimeDxe.efi
InstallProtocolInterface: BC62157E-3E33-4FEC-9920-2D3B36D750DF 1F980E90
ProtectUefiImageCommon - 0x1F981428
  - 0x000000001FE39000 - 0x0000000000007000
SetUefiImageMemoryAttributes - 0x000000001FE39000 - 0x0000000000001000 (0x0000000000004000)
PageTable is 0!
SetUefiImageMemoryAttributes - 0x000000001FE3A000 - 0x0000000000004000 (0x0000000000020000)
PageTable is 0!
SetUefiImageMemoryAttributes - 0x000000001FE3E000 - 0x0000000000002000 (0x0000000000004000)
PageTable is 0!
InstallProtocolInterface: 27CFAC88-46CC-11D4-9A38-0090273FC14D 0
InstallProtocolInterface: 9DA34AE0-EAF9-4BBF-8EC3-FD60226C44BE 1FE3E06C
InstallProtocolInterface: 695D7835-8D47-4C11-AB22-FA8ACCE7AE7A 1FE3E048
InstallProtocolInterface: 2DF6BA0B-7092-440D-BD04-FB091EC3F3C1 1FE3E024
Loading driver C8339973-A563-4561-B858-D8476F9DEFC4
InstallProtocolInterface: 5B1B31A1-9562-11D2-8E3F-00A0C969723B 1F980228
Loading driver at 0x0001FDDD000 EntryPoint=0x0001FDDE117 Metronome.efi
InstallProtocolInterface: BC62157E-3E33-4FEC-9920-2D3B36D750DF 1F980490
ProtectUefiImageCommon - 0x1F980228
  - 0x000000001FDDD000 - 0x0000000000002080
InstallProtocolInterface: 26BACCB2-6F42-11D4-BCE7-0080C73C8881 1FDDEE50
Loading driver 79E4A61C-ED73-4312-94FE-E3E7563362A9
InstallProtocolInterface: 5B1B31A1-9562-11D2-8E3F-00A0C969723B 1F97FBA8
Loading driver at 0x0001FDDA000 EntryPoint=0x0001FDDBB44 PrintDxe.efi
InstallProtocolInterface: BC62157E-3E33-4FEC-9920-2D3B36D750DF 1F97FA10
ProtectUefiImageCommon - 0x1F97FBA8
  - 0x000000001FDDA000 - 0x0000000000002C00
InstallProtocolInterface: F05976EF-83F1-4F3D-8619-F7595D41E538 1FDDC920
InstallProtocolInterface: 0CC252D2-C106-4661-B5BD-3147A4F81F92 1FDDC8E0
Loading driver 348C4D62-BFBD-4882-9ECE-C80BB1C4783B
InstallProtocolInterface: 5B1B31A1-9562-11D2-8E3F-00A0C969723B 1F97F1A8
Loading driver at 0x0001FDBE000 EntryPoint=0x0001FDCEC40 HiiDatabase.efi
InstallProtocolInterface: BC62157E-3E33-4FEC-9920-2D3B36D750DF 1F97F390
ProtectUefiImageCommon - 0x1F97F1A8
  - 0x000000001FDBE000 - 0x000000000001B3C0
InstallProtocolInterface: E9CA4775-8657-47FC-97E7-7ED65A084324 1FDD8254
InstallProtocolInterface: 0FD96974-23AA-4CDC-B9CB-98D17750322A 1FDD8290
InstallProtocolInterface: EF9FC172-A1B2-4693-B327-6D32FC416042 1FDD82A4
InstallProtocolInterface: 587E72D7-CC50-4F79-8209-CA291FC1A10F 1FDD82D0
InstallProtocolInterface: 0A8BADD5-03B8-4D19-B128-7B8F0EDAA596 1FDD82E8
InstallProtocolInterface: 31A6406A-6BDF-4E46-B2A2-EBAA89C40920 1FDD8264
InstallProtocolInterface: 1A1241E6-8F19-41A9-BC0E-E8EF39E06546 1FDD8278
Loading driver 96B5C032-DF4C-4B6E-8232-438DCF448D0E
InstallProtocolInterface: 5B1B31A1-9562-11D2-8E3F-00A0C969723B 1F5745A8
Loading driver at 0x0001FDBB000 EntryPoint=0x0001FDBC293 NullMemoryTestDxe.efi
InstallProtocolInterface: BC62157E-3E33-4FEC-9920-2D3B36D750DF 1F574510
ProtectUefiImageCommon - 0x1F5745A8
  - 0x000000001FDBB000 - 0x00000000000022C0
InstallProtocolInterface: 309DE7F1-7F5E-4ACE-B49C-531BE5AA95EF 1FDBD040
Loading driver 9622E42C-8E38-4A08-9E8F-54F784652F6B
InstallProtocolInterface: 5B1B31A1-9562-11D2-8E3F-00A0C969723B 1F573B28
Loading driver at 0x0001FDB4000 EntryPoint=0x0001FDB734A AcpiTableDxe.efi
InstallProtocolInterface: BC62157E-3E33-4FEC-9920-2D3B36D750DF 1F573D90
ProtectUefiImageCommon - 0x1F573B28
  - 0x000000001FDB4000 - 0x0000000000006C40
InstallProtocolInterface: FFE06BDD-6107-46A6-7BB2-5A9C7EC5275C 1F5737D4
InstallProtocolInterface: EB97088E-CFDF-49C6-BE4B-D906A5B20E86 1F5737DC
Loading driver A210F973-229D-4F4D-AA37-9895E6C9EABA
InstallProtocolInterface: 5B1B31A1-9562-11D2-8E3F-00A0C969723B 1F5731A8
Loading driver at 0x0001FDB1000 EntryPoint=0x0001FDB232B DpcDxe.efi
InstallProtocolInterface: BC62157E-3E33-4FEC-9920-2D3B36D750DF 1F573510
ProtectUefiImageCommon - 0x1F5731A8
  - 0x000000001FDB1000 - 0x0000000000002100
InstallProtocolInterface: 480F8AE9-0C46-4AA9-BC89-DB9FBA619806 1FDB2DC8
Loading driver 8657015B-EA43-440D-949A-AF3BE365C0FC
InstallProtocolInterface: 5B1B31A1-9562-11D2-8E3F-00A0C969723B 1F572BA8
Loading driver at 0x0001FDAE000 EntryPoint=0x0001FDAFB21 IoMmuDxe.efi
InstallProtocolInterface: BC62157E-3E33-4FEC-9920-2D3B36D750DF 1F572090
ProtectUefiImageCommon - 0x1F572BA8
  - 0x000000001FDAE000 - 0x0000000000002EC0
InstallProtocolInterface: F8775D50-8ABD-4ADF-92AC-853E51F6C8DC 0
Loading driver 22DC2B60-FE40-42AC-B01F-3AB1FAD9AAD8
InstallProtocolInterface: 5B1B31A1-9562-11D2-8E3F-00A0C969723B 1F5725A8
Loading driver at 0x0001FE33000 EntryPoint=0x0001FE34000 EmuVariableFvbRuntimeDxe.efi
InstallProtocolInterface: BC62157E-3E33-4FEC-9920-2D3B36D750DF 1F572410
ProtectUefiImageCommon - 0x1F5725A8
  - 0x000000001FE33000 - 0x0000000000006000
SetUefiImageMemoryAttributes - 0x000000001FE33000 - 0x0000000000001000 (0x0000000000004000)
PageTable is 0!
SetUefiImageMemoryAttributes - 0x000000001FE34000 - 0x0000000000003000 (0x0000000000020000)
PageTable is 0!
SetUefiImageMemoryAttributes - 0x000000001FE37000 - 0x0000000000002000 (0x0000000000004000)
PageTable is 0!
EMU Variable FVB Started
EMU Variable FVB: Using pre-reserved block at 1FEF4000
EMU Variable FVB: Basic FV headers were invalid
Installing FVB for EMU Variable support
InstallProtocolInterface: 8F644FA9-E850-4DB1-9CE2-0B44698E8DA4 1FE370CC
InstallProtocolInterface: 09576E91-6D3F-11D2-8E39-00A0C969723B 1FE370A4
Loading driver CBD2E4D5-7068-4FF5-B462-9822B4AD8D60
InstallProtocolInterface: 5B1B31A1-9562-11D2-8E3F-00A0C969723B 1F5710A8
Loading driver at 0x0001FE25000 EntryPoint=0x0001FE26000 VariableRuntimeDxe.efi
InstallProtocolInterface: BC62157E-3E33-4FEC-9920-2D3B36D750DF 1F571A10
ProtectUefiImageCommon - 0x1F5710A8
  - 0x000000001FE25000 - 0x000000000000E000
SetUefiImageMemoryAttributes - 0x000000001FE25000 - 0x0000000000001000 (0x0000000000004000)
PageTable is 0!
SetUefiImageMemoryAttributes - 0x000000001FE26000 - 0x000000000000B000 (0x0000000000020000)
PageTable is 0!
SetUefiImageMemoryAttributes - 0x000000001FE31000 - 0x0000000000002000 (0x0000000000004000)
PageTable is 0!
VarCheckLibRegisterSetVariableCheckHandler - 0x1FE2D677 Success
Variable driver common space: 0x3FF9C 0x3FF9C 0x3FF9C
Variable driver will work with auth variable format!
InstallProtocolInterface: CD3D0A05-9E24-437C-A891-1EE053DB7638 1FE3109C
InstallProtocolInterface: AF23B340-97B4-4685-8D4F-A3F28169B21D 1FE31080
InstallProtocolInterface: 1E5668E2-8481-11D4-BCF1-0080C73C8881 0
Loading driver 6C2004EF-4E0E-4BE4-B14C-340EB4AA5891
InstallProtocolInterface: 5B1B31A1-9562-11D2-8E3F-00A0C969723B 1F570DA8
Loading driver at 0x0001FE1F000 EntryPoint=0x0001FE20204 StatusCodeHandlerRuntimeDxe.efi
InstallProtocolInterface: BC62157E-3E33-4FEC-9920-2D3B36D750DF 1F570890
ProtectUefiImageCommon - 0x1F570DA8
  - 0x000000001FE1F000 - 0x0000000000006000
SetUefiImageMemoryAttributes - 0x000000001FE1F000 - 0x0000000000001000 (0x0000000000004000)
PageTable is 0!
SetUefiImageMemoryAttributes - 0x000000001FE20000 - 0x0000000000003000 (0x0000000000020000)
PageTable is 0!
SetUefiImageMemoryAttributes - 0x000000001FE23000 - 0x0000000000002000 (0x0000000000004000)
PageTable is 0!
Loading driver C190FE35-44AA-41A1-8AEA-4947BC60E09D
InstallProtocolInterface: 5B1B31A1-9562-11D2-8E3F-00A0C969723B 1F570428
Loading driver at 0x0001FDAC000 EntryPoint=0x0001FDAD195 Timer.efi
InstallProtocolInterface: BC62157E-3E33-4FEC-9920-2D3B36D750DF 1F56CB10
ProtectUefiImageCommon - 0x1F570428
  - 0x000000001FDAC000 - 0x0000000000002000
InstallProtocolInterface: 26BACCB3-6F42-11D4-BCE7-0080C73C8881 1FDADDC0
Loading driver 128FB770-5E79-4176-9E51-9BB268A17DD1
InstallProtocolInterface: 5B1B31A1-9562-11D2-8E3F-00A0C969723B 1F56C0A8
Loading driver at 0x0001FDA1000 EntryPoint=0x0001FDA3C28 PciHostBridgeDxe.efi
InstallProtocolInterface: BC62157E-3E33-4FEC-9920-2D3B36D750DF 1F56C990
ProtectUefiImageCommon - 0x1F56C0A8
  - 0x000000001FDA1000 - 0x000000000000AFC0
Select Item: 0x0
FW CFG Signature: 0x554D4551
Select Item: 0x1
FW CFG Revision: 0x3
QemuFwCfg interface (DMA) is supported.
Select Item: 0x19
InitRootBridge: populated root bus 0, with room for 255 subordinate bus(es)
RootBridge: PciRoot(0x0)
  Support/Attr: 70069 / 70069
    DmaAbove4G: No
NoExtConfSpace: Yes
     AllocAttr: 1 (CombineMemPMem )
           Bus: 0 - FF Translation=0
            Io: C000 - FFFF Translation=0
           Mem: 80000000 - FBFFFFFF Translation=0
    MemAbove4G: FFFFFFFFFFFFFFFF - 0 Translation=0
          PMem: FFFFFFFFFFFFFFFF - 0 Translation=0
   PMemAbove4G: FFFFFFFFFFFFFFFF - 0 Translation=0
PciHostBridge driver failed to set EFI_MEMORY_UC to MMIO aperture - Unsupported.
InstallProtocolInterface: CF8034BE-6768-4D8B-B739-7CCE683A9FBE 1F56C5A4
InstallProtocolInterface: 09576E91-6D3F-11D2-8E39-00A0C969723B 1F56FF90
InstallProtocolInterface: 2F707EBB-4A1A-11D4-9A38-0090273FC14D 1F56F1C8
Loading driver EBF342FE-B1D3-4EF8-957C-8048606FF671
InstallProtocolInterface: 5B1B31A1-9562-11D2-8E3F-00A0C969723B 1F56F328
Loading driver at 0x0001FD89000 EntryPoint=0x0001FD92E7E SetupBrowser.efi
InstallProtocolInterface: BC62157E-3E33-4FEC-9920-2D3B36D750DF 1F56FC90
ProtectUefiImageCommon - 0x1F56F328
  - 0x000000001FD89000 - 0x0000000000017380
InstallProtocolInterface: B9D4C360-BCFB-4F9B-9298-53C136982258 1FD9F068
InstallProtocolInterface: A770C357-B693-4E6D-A6CF-D21C728E550B 1FD9F080
InstallProtocolInterface: 1F73B18D-4630-43C1-A1DE-6F80855D7DA4 1FD9F070
Loading driver F9D88642-0737-49BC-81B5-6889CD57D9EA
InstallProtocolInterface: 5B1B31A1-9562-11D2-8E3F-00A0C969723B 1F56ECA8
Loading driver at 0x0001FD83000 EntryPoint=0x0001FD84552 SmbiosDxe.efi
InstallProtocolInterface: BC62157E-3E33-4FEC-9920-2D3B36D750DF 1F56E790
ProtectUefiImageCommon - 0x1F56ECA8
  - 0x000000001FD83000 - 0x0000000000005540
Select Item: 0x0
FW CFG Signature: 0x554D4551
Select Item: 0x1
FW CFG Revision: 0x3
QemuFwCfg interface (DMA) is supported.
Select Item: 0x19
Select Item: 0x19
Select Item: 0x22
DetectSmbiosVersion: SMBIOS version from QEMU: 0x0208
InstallProtocolInterface: 03583FF6-CB36-4940-947E-B9B39F4AFAF7 1FD880A8
Loading driver 49970331-E3FA-4637-9ABC-3B7868676970
InstallProtocolInterface: 5B1B31A1-9562-11D2-8E3F-00A0C969723B 1F56E1A8
Loading driver at 0x0001FD7B000 EntryPoint=0x0001FD7EE6C AcpiPlatform.efi
InstallProtocolInterface: BC62157E-3E33-4FEC-9920-2D3B36D750DF 1F56E390
ProtectUefiImageCommon - 0x1F56E1A8
  - 0x000000001FD7B000 - 0x0000000000007AC0
Select Item: 0x0
FW CFG Signature: 0x554D4551
Select Item: 0x1
FW CFG Revision: 0x3
QemuFwCfg interface (DMA) is supported.
AcpiPlatformEntryPoint: waiting for root bridges to be connected, registered callback
Loading driver BDCE85BB-FBAA-4F4E-9264-501A2C249581
InstallProtocolInterface: 5B1B31A1-9562-11D2-8E3F-00A0C969723B 1F56DC28
Loading driver at 0x0001FD74000 EntryPoint=0x0001FD74240 S3SaveStateDxe.efi
InstallProtocolInterface: BC62157E-3E33-4FEC-9920-2D3B36D750DF 1F56D090
ProtectUefiImageCommon - 0x1F56DC28
  - 0x000000001FD74000 - 0x0000000000006C40
Select Item: 0x0
FW CFG Signature: 0x554D4551
Select Item: 0x1
FW CFG Revision: 0x3
QemuFwCfg interface (DMA) is supported.
Select Item: 0x19
Select Item: 0x25
InstallProtocolInterface: BD445D79-B7AD-4F04-9AD8-29BD2040EB3C 0
InstallProtocolInterface: E857CAF6-C046-45DC-BE3F-EE0765FBA887 1FD7A4C0
Loading driver A487A478-51EF-48AA-8794-7BEE2A0562F1
InstallProtocolInterface: 5B1B31A1-9562-11D2-8E3F-00A0C969723B 1F56D2A8
Loading driver at 0x0001FD69000 EntryPoint=0x0001FD6B51C tftpDynamicCommand.efi
InstallProtocolInterface: BC62157E-3E33-4FEC-9920-2D3B36D750DF 1F560F10
InstallProtocolInterface: 6A1EE763-D47A-43B4-AABE-EF1DE2AB56FC 1FD716B0
ProtectUefiImageCommon - 0x1F56D2A8
  - 0x000000001FD69000 - 0x000000000000A7C0
InstallProtocolInterface: 3C7200E9-005F-4EA4-87DE-A3DFAC8A27C3 1FD7140C
Loading driver F74D20EE-37E7-48FC-97F7-9B1047749C69
InstallProtocolInterface: 5B1B31A1-9562-11D2-8E3F-00A0C969723B 1F560128
Loading driver at 0x0001FD64000 EntryPoint=0x0001FD6501D LogoDxe.efi
InstallProtocolInterface: BC62157E-3E33-4FEC-9920-2D3B36D750DF 1F560910
InstallProtocolInterface: 6A1EE763-D47A-43B4-AABE-EF1DE2AB56FC 1FD65BB0
ProtectUefiImageCommon - 0x1F560128
  - 0x000000001FD64000 - 0x0000000000004BC0
InstallProtocolInterface: 53CD299F-2BC1-40C0-8C07-23F64FDB30E0 1FD65A40
Loading driver DCE1B094-7DC6-45D0-9FDD-D7FC3CC3E4EF
InstallProtocolInterface: 5B1B31A1-9562-11D2-8E3F-00A0C969723B 1F5697A8
Loading driver at 0x0001FD5F000 EntryPoint=0x0001FD6010A QemuRamfbDxe.efi
InstallProtocolInterface: BC62157E-3E33-4FEC-9920-2D3B36D750DF 1F569710
ProtectUefiImageCommon - 0x1F5697A8
  - 0x000000001FD5F000 - 0x0000000000004540
Select Item: 0x0
FW CFG Signature: 0x554D4551
Select Item: 0x1
FW CFG Revision: 0x3
QemuFwCfg interface (DMA) is supported.
Select Item: 0x19
Error: Image at 0001FD5F000 start failed: Not Found
Loading driver FE5CEA76-4F72-49E8-986F-2CD899DFFE5D
InstallProtocolInterface: 5B1B31A1-9562-11D2-8E3F-00A0C969723B 1F5697A8
Loading driver at 0x0001FD5E000 EntryPoint=0x0001FD609E2 FaultTolerantWriteDxe.efi
InstallProtocolInterface: BC62157E-3E33-4FEC-9920-2D3B36D750DF 1F569590
ProtectUefiImageCommon - 0x1F5697A8
  - 0x000000001FD5E000 - 0x0000000000005380
Ftw: FtwWorkSpaceLba - 0x40, WorkBlockSize  - 0x1000, FtwWorkSpaceBase - 0x0
Ftw: FtwSpareLba     - 0x42, SpareBlockSize - 0x1000
Ftw: NumberOfWorkBlock - 0x1, FtwWorkBlockLba - 0x40
Ftw: WorkSpaceLbaInSpare - 0x0, WorkSpaceBaseInSpare - 0x0
Ftw: Remaining work space size - FE0
Ftw: Work block header check mismatch
Ftw: Work block header check mismatch
Ftw: Both working and spare blocks are invalid, init workspace
Ftw: start to reclaim work space
Ftw: reclaim work space successfully
InstallProtocolInterface: 3EBD9E82-2C78-4DE6-9786-8D4BFCB7C881 1F564018
NOTICE - AuthVariableLibInitialize() returns Unsupported!
Variable driver will continue to work without auth variable support!
[Variable] Lock: BB983CCF-151D-40E1-A07B-4A17BE168292:MemoryOverwriteRequestControlLock Success
[Variable] Lock: E20939BE-32D4-41BE-A150-897F85D49829:MemoryOverwriteRequestControl Success
RecordSecureBootPolicyVarData GetVariable SecureBoot Status 8000000E
InstallProtocolInterface: 6441F818-6362-4E44-B570-7DBA31DD2453 0
Loading driver 378D7B65-8DA9-4773-B6E4-A47826A833E1
InstallProtocolInterface: 5B1B31A1-9562-11D2-8E3F-00A0C969723B 1F563028
Loading driver at 0x0001ED06000 EntryPoint=0x0001ED07DD2 PcRtc.efi
InstallProtocolInterface: BC62157E-3E33-4FEC-9920-2D3B36D750DF 1F563C90
ProtectUefiImageCommon - 0x1F563028
  - 0x000000001ED06000 - 0x0000000000007000
SetUefiImageMemoryAttributes - 0x000000001ED06000 - 0x0000000000001000 (0x0000000000004000)
PageTable is 0!
SetUefiImageMemoryAttributes - 0x000000001ED07000 - 0x0000000000004000 (0x0000000000020000)
PageTable is 0!
SetUefiImageMemoryAttributes - 0x000000001ED0B000 - 0x0000000000002000 (0x0000000000004000)
PageTable is 0!
InstallProtocolInterface: 27CFAC87-46CC-11D4-9A38-0090273FC14D 0
Loading driver F099D67F-71AE-4C36-B2A3-DCEB0EB2B7D8
InstallProtocolInterface: 5B1B31A1-9562-11D2-8E3F-00A0C969723B 1F563328
Loading driver at 0x0001FD5C000 EntryPoint=0x0001FD5D0D6 WatchdogTimer.efi
InstallProtocolInterface: BC62157E-3E33-4FEC-9920-2D3B36D750DF 1F563510
ProtectUefiImageCommon - 0x1F563328
  - 0x000000001FD5C000 - 0x0000000000002000
InstallProtocolInterface: 665E3FF5-46CC-11D4-9A38-0090273FC14D 1FD5DDA0
Loading driver AD608272-D07F-4964-801E-7BD3B7888652
InstallProtocolInterface: 5B1B31A1-9562-11D2-8E3F-00A0C969723B 1F562CA8
Loading driver at 0x0001ECFC000 EntryPoint=0x0001ECFD21F MonotonicCounterRuntimeDxe.efi
InstallProtocolInterface: BC62157E-3E33-4FEC-9920-2D3B36D750DF 1F562990
ProtectUefiImageCommon - 0x1F562CA8
  - 0x000000001ECFC000 - 0x0000000000005000
SetUefiImageMemoryAttributes - 0x000000001ECFC000 - 0x0000000000001000 (0x0000000000004000)
PageTable is 0!
SetUefiImageMemoryAttributes - 0x000000001ECFD000 - 0x0000000000002000 (0x0000000000020000)
PageTable is 0!
SetUefiImageMemoryAttributes - 0x000000001ECFF000 - 0x0000000000002000 (0x0000000000004000)
PageTable is 0!
InstallProtocolInterface: 1DA97072-BDDC-4B30-99F1-72A0B56FFF2A 0
Loading driver 42857F0A-13F2-4B21-8A23-53D3F714B840
InstallProtocolInterface: 5B1B31A1-9562-11D2-8E3F-00A0C969723B 1F562328
Loading driver at 0x0001ECF2000 EntryPoint=0x0001ECF3271 CapsuleRuntimeDxe.efi
InstallProtocolInterface: BC62157E-3E33-4FEC-9920-2D3B36D750DF 1F561E10
ProtectUefiImageCommon - 0x1F562328
  - 0x000000001ECF2000 - 0x0000000000005000
SetUefiImageMemoryAttributes - 0x000000001ECF2000 - 0x0000000000001000 (0x0000000000004000)
PageTable is 0!
SetUefiImageMemoryAttributes - 0x000000001ECF3000 - 0x0000000000002000 (0x0000000000020000)
PageTable is 0!
SetUefiImageMemoryAttributes - 0x000000001ECF5000 - 0x0000000000002000 (0x0000000000004000)
PageTable is 0!
InstallProtocolInterface: 5053697E-2CBC-4819-90D9-0580DEEE5754 0
Loading driver EBF8ED7C-0DD1-4787-84F1-F48D537DCACF
InstallProtocolInterface: 5B1B31A1-9562-11D2-8E3F-00A0C969723B 1F5618A8
Loading driver at 0x0001FD56000 EntryPoint=0x0001FD57955 DriverHealthManagerDxe.efi
InstallProtocolInterface: BC62157E-3E33-4FEC-9920-2D3B36D750DF 1F561690
ProtectUefiImageCommon - 0x1F5618A8
  - 0x000000001FD56000 - 0x0000000000005E40
InstallProtocolInterface: 09576E91-6D3F-11D2-8E39-00A0C969723B 1FD5B884
InstallProtocolInterface: 330D4706-F2A0-4E4F-A369-B66FA8D54385 1FD5B868
Loading driver 6D33944A-EC75-4855-A54D-809C75241F6C
InstallProtocolInterface: 5B1B31A1-9562-11D2-8E3F-00A0C969723B 1F55ED28
Loading driver at 0x0001FD3C000 EntryPoint=0x0001FD42EF2 BdsDxe.efi
InstallProtocolInterface: BC62157E-3E33-4FEC-9920-2D3B36D750DF 1F55F610
ProtectUefiImageCommon - 0x1F55ED28
  - 0x000000001FD3C000 - 0x000000000001A000
Select Item: 0x0
FW CFG Signature: 0x554D4551
Select Item: 0x1
FW CFG Revision: 0x3
QemuFwCfg interface (DMA) is supported.
InstallProtocolInterface: 665E3FF6-46CC-11D4-9A38-0090273FC14D 1FD549E8
Loading driver 28A03FF4-12B3-4305-A417-BB1A4F94081E
InstallProtocolInterface: 5B1B31A1-9562-11D2-8E3F-00A0C969723B 1F55E2A8
Loading driver at 0x0001FD31000 EntryPoint=0x0001FD33315 RamDiskDxe.efi
InstallProtocolInterface: BC62157E-3E33-4FEC-9920-2D3B36D750DF 1F55EB10
ProtectUefiImageCommon - 0x1F55E2A8
  - 0x000000001FD31000 - 0x000000000000A600
InstallProtocolInterface: 09576E91-6D3F-11D2-8E39-00A0C969723B 1F55E890
InstallProtocolInterface: 330D4706-F2A0-4E4F-A369-B66FA8D54385 1FD3AE0C
InstallProtocolInterface: 09576E91-6D3F-11D2-8E39-00A0C969723B 1FD3A350
InstallProtocolInterface: 330D4706-F2A0-4E4F-A369-B66FA8D54385 1F55DAA8
InstallProtocolInterface: AB38A0DF-6873-44A9-87E6-D4EB56148449 1FD3A368
InstallProtocolInterface: 28A03FF4-12B3-4305-A417-BB1A4F94081E 1F55DA90
Loading driver E660EA85-058E-4B55-A54B-F02F83A24707
InstallProtocolInterface: 5B1B31A1-9562-11D2-8E3F-00A0C969723B 1F55C5A8
Loading driver at 0x0001FD1E000 EntryPoint=0x0001FD22756 DisplayEngine.efi
InstallProtocolInterface: BC62157E-3E33-4FEC-9920-2D3B36D750DF 1F55BB90
ProtectUefiImageCommon - 0x1F55C5A8
  - 0x000000001FD1E000 - 0x00000000000126C0
InstallProtocolInterface: 9BBE29E9-FDA1-41EC-AD52-452213742D2E 1FD2D848
InstallProtocolInterface: 4311EDC0-6054-46D4-9E40-893EA952FCCC 1FD2D858
Loading driver 4110465D-5FF3-4F4B-B580-24ED0D06747A
InstallProtocolInterface: 5B1B31A1-9562-11D2-8E3F-00A0C969723B 1F557C28
Loading driver at 0x0001FD1A000 EntryPoint=0x0001FD1A6A5 SmbiosPlatformDxe.efi
InstallProtocolInterface: BC62157E-3E33-4FEC-9920-2D3B36D750DF 1F557E10
ProtectUefiImageCommon - 0x1F557C28
  - 0x000000001FD1A000 - 0x0000000000003380
Select Item: 0x0
FW CFG Signature: 0x554D4551
Select Item: 0x1
FW CFG Revision: 0x3
QemuFwCfg interface (DMA) is supported.
Select Item: 0x19
Select Item: 0x21
SmbiosAdd: Smbios type 1 with size 0x54 is added to 32-bit table
SmbiosCreateTable: Initialize 32-bit entry point structure
SmbiosCreateTable() re-allocate SMBIOS 32-bit table
SmbiosAdd: Smbios type 3 with size 0x2C is added to 32-bit table
SmbiosAdd: Smbios type 4 with size 0x47 is added to 32-bit table
SmbiosAdd: Smbios type 16 with size 0x19 is added to 32-bit table
SmbiosAdd: Smbios type 17 with size 0x35 is added to 32-bit table
SmbiosAdd: Smbios type 19 with size 0x21 is added to 32-bit table
SmbiosAdd: Smbios type 32 with size 0xD is added to 32-bit table
SmbiosAdd: Smbios type 0 with size 0x4A is added to 32-bit table
Loading driver FA20568B-548B-4B2B-81EF-1BA08D4A3CEC
InstallProtocolInterface: 5B1B31A1-9562-11D2-8E3F-00A0C969723B 1F5578A8
Loading driver at 0x0001FD0C000 EntryPoint=0x0001FD0E151 BootScriptExecutorDxe.efi
InstallProtocolInterface: BC62157E-3E33-4FEC-9920-2D3B36D750DF 1F554D10
ProtectUefiImageCommon - 0x1F5578A8
  - 0x000000001FD0C000 - 0x000000000000D7C0
Select Item: 0x0
FW CFG Signature: 0x554D4551
Select Item: 0x1
FW CFG Revision: 0x3
QemuFwCfg interface (DMA) is supported.
Select Item: 0x19
Select Item: 0x25
Loading driver D9DCC5DF-4007-435E-9098-8970935504B2
InstallProtocolInterface: 5B1B31A1-9562-11D2-8E3F-00A0C969723B 1F554128
Loading driver at 0x0001FD07000 EntryPoint=0x0001FD087D4 PlatformDxe.efi
InstallProtocolInterface: BC62157E-3E33-4FEC-9920-2D3B36D750DF 1F554590
ProtectUefiImageCommon - 0x1F554128
  - 0x000000001FD07000 - 0x0000000000004D80
InstallProtocolInterface: 09576E91-6D3F-11D2-8E39-00A0C969723B 1FD0B8D8
InstallProtocolInterface: 330D4706-F2A0-4E4F-A369-B66FA8D54385 1FD0B99C
Loading driver 93B80004-9FB3-11D4-9A3A-0090273FC14D
InstallProtocolInterface: 5B1B31A1-9562-11D2-8E3F-00A0C969723B 1F553128
Loading driver at 0x0001FCF7000 EntryPoint=0x0001FCF8DEC PciBusDxe.efi
InstallProtocolInterface: BC62157E-3E33-4FEC-9920-2D3B36D750DF 1F553490
ProtectUefiImageCommon - 0x1F553128
  - 0x000000001FCF7000 - 0x000000000000F100
InstallProtocolInterface: 18A031AB-B443-4D1A-A5C0-0C09261E9F71 1FD0560C
InstallProtocolInterface: 107A772C-D5E1-11D4-9A46-0090273FC14D 1FD055E0
InstallProtocolInterface: 6A7A5CFF-E8D9-4F70-BADA-75AB3025CE14 1FD055D4
InstallProtocolInterface: 19CB87AB-2CB9-4665-8360-DDCF6054F79D 1FD055C0
Loading driver 83DD3B39-7CAF-4FAC-A542-E050B767E3A7
InstallProtocolInterface: 5B1B31A1-9562-11D2-8E3F-00A0C969723B 1F5527A8
Loading driver at 0x0001FCF3000 EntryPoint=0x0001FCF33FF VirtioPciDeviceDxe.efi
InstallProtocolInterface: BC62157E-3E33-4FEC-9920-2D3B36D750DF 1F552990
ProtectUefiImageCommon - 0x1F5527A8
  - 0x000000001FCF3000 - 0x0000000000003080
InstallProtocolInterface: 18A031AB-B443-4D1A-A5C0-0C09261E9F71 1FCF5D44
InstallProtocolInterface: 107A772C-D5E1-11D4-9A46-0090273FC14D 1FCF5D38
InstallProtocolInterface: 6A7A5CFF-E8D9-4F70-BADA-75AB3025CE14 1FCF5D2C
Loading driver 0170F60C-1D40-4651-956D-F0BD9879D527
InstallProtocolInterface: 5B1B31A1-9562-11D2-8E3F-00A0C969723B 1F552228
Loading driver at 0x0001FCEE000 EntryPoint=0x0001FCEF740 Virtio10.efi
InstallProtocolInterface: BC62157E-3E33-4FEC-9920-2D3B36D750DF 1F54C010
ProtectUefiImageCommon - 0x1F552228
  - 0x000000001FCEE000 - 0x0000000000004F00
InstallProtocolInterface: 18A031AB-B443-4D1A-A5C0-0C09261E9F71 1FCF2AC8
InstallProtocolInterface: 107A772C-D5E1-11D4-9A46-0090273FC14D 1FCF2ABC
InstallProtocolInterface: 6A7A5CFF-E8D9-4F70-BADA-75AB3025CE14 1FCF2AB0
Loading driver 11D92DFB-3CA9-4F93-BA2E-4780ED3E03B5
InstallProtocolInterface: 5B1B31A1-9562-11D2-8E3F-00A0C969723B 1F54C0A8
Loading driver at 0x0001FCEA000 EntryPoint=0x0001FCEC104 VirtioBlkDxe.efi
InstallProtocolInterface: BC62157E-3E33-4FEC-9920-2D3B36D750DF 1F54CA90
ProtectUefiImageCommon - 0x1F54C0A8
  - 0x000000001FCEA000 - 0x00000000000036C0
InstallProtocolInterface: 18A031AB-B443-4D1A-A5C0-0C09261E9F71 1FCED3B8
InstallProtocolInterface: 107A772C-D5E1-11D4-9A46-0090273FC14D 1FCED3AC
InstallProtocolInterface: 6A7A5CFF-E8D9-4F70-BADA-75AB3025CE14 1FCED3A0
Loading driver FAB5D4F4-83C0-4AAF-8480-442D11DF6CEA
InstallProtocolInterface: 5B1B31A1-9562-11D2-8E3F-00A0C969723B 1F54C2A8
Loading driver at 0x0001FCE6000 EntryPoint=0x0001FCE85E2 VirtioScsiDxe.efi
InstallProtocolInterface: BC62157E-3E33-4FEC-9920-2D3B36D750DF 1F54C510
ProtectUefiImageCommon - 0x1F54C2A8
  - 0x000000001FCE6000 - 0x0000000000003B00
InstallProtocolInterface: 18A031AB-B443-4D1A-A5C0-0C09261E9F71 1FCE97F8
InstallProtocolInterface: 107A772C-D5E1-11D4-9A46-0090273FC14D 1FCE97EC
InstallProtocolInterface: 6A7A5CFF-E8D9-4F70-BADA-75AB3025CE14 1FCE97E0
Loading driver 58E26F0D-CBAC-4BBA-B70F-18221415665A
InstallProtocolInterface: 5B1B31A1-9562-11D2-8E3F-00A0C969723B 1F54DC28
Loading driver at 0x0001FCE2000 EntryPoint=0x0001FCE3BFE VirtioRngDxe.efi
InstallProtocolInterface: BC62157E-3E33-4FEC-9920-2D3B36D750DF 1F54DA90
ProtectUefiImageCommon - 0x1F54DC28
  - 0x000000001FCE2000 - 0x0000000000003040
InstallProtocolInterface: 18A031AB-B443-4D1A-A5C0-0C09261E9F71 1FCE4D88
InstallProtocolInterface: 107A772C-D5E1-11D4-9A46-0090273FC14D 1FCE4D7C
InstallProtocolInterface: 6A7A5CFF-E8D9-4F70-BADA-75AB3025CE14 1FCE4D70
Loading driver CF569F50-DE44-4F54-B4D7-F4AE25CDA599
InstallProtocolInterface: 5B1B31A1-9562-11D2-8E3F-00A0C969723B 1F54D1A8
Loading driver at 0x0001FCDF000 EntryPoint=0x0001FCDF417 XenIoPciDxe.efi
InstallProtocolInterface: BC62157E-3E33-4FEC-9920-2D3B36D750DF 1F54D510
ProtectUefiImageCommon - 0x1F54D1A8
  - 0x000000001FCDF000 - 0x0000000000002700
InstallProtocolInterface: 18A031AB-B443-4D1A-A5C0-0C09261E9F71 1FCE1438
InstallProtocolInterface: 107A772C-D5E1-11D4-9A46-0090273FC14D 1FCE142C
InstallProtocolInterface: 6A7A5CFF-E8D9-4F70-BADA-75AB3025CE14 1FCE1420
Loading driver 565EC8BA-A484-11E3-802B-B8AC6F7D65E6
InstallProtocolInterface: 5B1B31A1-9562-11D2-8E3F-00A0C969723B 1F551BA8
Loading driver at 0x0001FCD6000 EntryPoint=0x0001FCD9D7C XenBusDxe.efi
InstallProtocolInterface: BC62157E-3E33-4FEC-9920-2D3B36D750DF 1F551090
ProtectUefiImageCommon - 0x1F551BA8
  - 0x000000001FCD6000 - 0x0000000000008E40
Error: Image at 0001FCD6000 start failed: Aborted
Loading driver 8C2487EA-9AF3-11E3-B966-B8AC6F7D65E6
InstallProtocolInterface: 5B1B31A1-9562-11D2-8E3F-00A0C969723B 1F551BA8
Loading driver at 0x0001FCDA000 EntryPoint=0x0001FCDC778 XenPvBlkDxe.efi
InstallProtocolInterface: BC62157E-3E33-4FEC-9920-2D3B36D750DF 1F551D90
ProtectUefiImageCommon - 0x1F551BA8
  - 0x000000001FCDA000 - 0x0000000000004A80
InstallProtocolInterface: 18A031AB-B443-4D1A-A5C0-0C09261E9F71 1FCDE688
InstallProtocolInterface: 107A772C-D5E1-11D4-9A46-0090273FC14D 1FCDE67C
InstallProtocolInterface: 6A7A5CFF-E8D9-4F70-BADA-75AB3025CE14 1FCDE670
Loading driver 51CCF399-4FDF-4E55-A45B-E123F84D456A
InstallProtocolInterface: 5B1B31A1-9562-11D2-8E3F-00A0C969723B 1F5511A8
Loading driver at 0x0001FCD6000 EntryPoint=0x0001FCD82BD ConPlatformDxe.efi
InstallProtocolInterface: BC62157E-3E33-4FEC-9920-2D3B36D750DF 1F551410
ProtectUefiImageCommon - 0x1F5511A8
  - 0x000000001FCD6000 - 0x0000000000003EC0
InstallProtocolInterface: 18A031AB-B443-4D1A-A5C0-0C09261E9F71 1FCD9A50
InstallProtocolInterface: 107A772C-D5E1-11D4-9A46-0090273FC14D 1FCD99FC
InstallProtocolInterface: 6A7A5CFF-E8D9-4F70-BADA-75AB3025CE14 1FCD99F0
InstallProtocolInterface: 18A031AB-B443-4D1A-A5C0-0C09261E9F71 1FCD9A38
InstallProtocolInterface: 107A772C-D5E1-11D4-9A46-0090273FC14D 1FCD99FC
InstallProtocolInterface: 6A7A5CFF-E8D9-4F70-BADA-75AB3025CE14 1FCD99F0
Loading driver 408EDCEC-CF6D-477C-A5A8-B4844E3DE281
InstallProtocolInterface: 5B1B31A1-9562-11D2-8E3F-00A0C969723B 1F5500A8
Loading driver at 0x0001FCCE000 EntryPoint=0x0001FCCF7CA ConSplitterDxe.efi
InstallProtocolInterface: BC62157E-3E33-4FEC-9920-2D3B36D750DF 1F550910
ProtectUefiImageCommon - 0x1F5500A8
  - 0x000000001FCCE000 - 0x00000000000076C0
InstallProtocolInterface: 18A031AB-B443-4D1A-A5C0-0C09261E9F71 1FCD4EF8
InstallProtocolInterface: 107A772C-D5E1-11D4-9A46-0090273FC14D 1FCD4EEC
InstallProtocolInterface: 6A7A5CFF-E8D9-4F70-BADA-75AB3025CE14 1FCD4EE0
InstallProtocolInterface: 18A031AB-B443-4D1A-A5C0-0C09261E9F71 1FCD4EC8
InstallProtocolInterface: 107A772C-D5E1-11D4-9A46-0090273FC14D 1FCD4EBC
InstallProtocolInterface: 6A7A5CFF-E8D9-4F70-BADA-75AB3025CE14 1FCD4EB0
InstallProtocolInterface: 18A031AB-B443-4D1A-A5C0-0C09261E9F71 1FCD4E98
InstallProtocolInterface: 107A772C-D5E1-11D4-9A46-0090273FC14D 1FCD4E8C
InstallProtocolInterface: 6A7A5CFF-E8D9-4F70-BADA-75AB3025CE14 1FCD4E80
InstallProtocolInterface: 18A031AB-B443-4D1A-A5C0-0C09261E9F71 1FCD4E68
InstallProtocolInterface: 107A772C-D5E1-11D4-9A46-0090273FC14D 1FCD4E5C
InstallProtocolInterface: 6A7A5CFF-E8D9-4F70-BADA-75AB3025CE14 1FCD4E50
InstallProtocolInterface: 18A031AB-B443-4D1A-A5C0-0C09261E9F71 1FCD4E38
InstallProtocolInterface: 107A772C-D5E1-11D4-9A46-0090273FC14D 1FCD4E2C
InstallProtocolInterface: 6A7A5CFF-E8D9-4F70-BADA-75AB3025CE14 1FCD4E20
InstallProtocolInterface: 387477C1-69C7-11D2-8E39-00A0C969723B 1FCD4D2C
InstallProtocolInterface: DD9E7534-7762-4698-8C14-F58517A625AA 1FCD4D44
InstallProtocolInterface: 31878C87-0B75-11D5-9A4F-0090273FC14D 1FCD4D7C
InstallProtocolInterface: 8D59D32B-C655-4AE9-9B15-F25904992A43 1FCD4DBC
InstallProtocolInterface: 387477C2-69C7-11D2-8E39-00A0C969723B 1FCD4F8C
InstallProtocolInterface: 387477C2-69C7-11D2-8E39-00A0C969723B 1FCD4C2C
Loading driver CCCB0C28-4B24-11D5-9A5A-0090273FC14D
InstallProtocolInterface: 5B1B31A1-9562-11D2-8E3F-00A0C969723B 1F54B7A8
Loading driver at 0x0001FCC8000 EntryPoint=0x0001FCCAB9B GraphicsConsoleDxe.efi
InstallProtocolInterface: BC62157E-3E33-4FEC-9920-2D3B36D750DF 1F54BA10
ProtectUefiImageCommon - 0x1F54B7A8
  - 0x000000001FCC8000 - 0x0000000000005B00
InstallProtocolInterface: 18A031AB-B443-4D1A-A5C0-0C09261E9F71 1FCCD674
InstallProtocolInterface: 107A772C-D5E1-11D4-9A46-0090273FC14D 1FCCD668
InstallProtocolInterface: 6A7A5CFF-E8D9-4F70-BADA-75AB3025CE14 1FCCD65C
Loading driver 9E863906-A40F-4875-977F-5B93FF237FC6
InstallProtocolInterface: 5B1B31A1-9562-11D2-8E3F-00A0C969723B 1F54A028
Loading driver at 0x0001FCC0000 EntryPoint=0x0001FCC2345 TerminalDxe.efi
InstallProtocolInterface: BC62157E-3E33-4FEC-9920-2D3B36D750DF 1F54AC90
ProtectUefiImageCommon - 0x1F54A028
  - 0x000000001FCC0000 - 0x0000000000007C40
InstallProtocolInterface: 18A031AB-B443-4D1A-A5C0-0C09261E9F71 1FCC7488
InstallProtocolInterface: 107A772C-D5E1-11D4-9A46-0090273FC14D 1FCC747C
InstallProtocolInterface: 6A7A5CFF-E8D9-4F70-BADA-75AB3025CE14 1FCC7470
Loading driver 6B38F7B4-AD98-40E9-9093-ACA2B5A253C4
InstallProtocolInterface: 5B1B31A1-9562-11D2-8E3F-00A0C969723B 1F54A928
Loading driver at 0x0001FCBB000 EntryPoint=0x0001FCBDEE8 DiskIoDxe.efi
InstallProtocolInterface: BC62157E-3E33-4FEC-9920-2D3B36D750DF 1F54A690
ProtectUefiImageCommon - 0x1F54A928
  - 0x000000001FCBB000 - 0x0000000000004C40
InstallProtocolInterface: 18A031AB-B443-4D1A-A5C0-0C09261E9F71 1FCBF838
InstallProtocolInterface: 107A772C-D5E1-11D4-9A46-0090273FC14D 1FCBF82C
InstallProtocolInterface: 6A7A5CFF-E8D9-4F70-BADA-75AB3025CE14 1FCBF820
Loading driver 1FA1F39E-FEFF-4AAE-BD7B-38A070A3B609
InstallProtocolInterface: 5B1B31A1-9562-11D2-8E3F-00A0C969723B 1F549028
Loading driver at 0x0001FCB4000 EntryPoint=0x0001FCB7F20 PartitionDxe.efi
InstallProtocolInterface: BC62157E-3E33-4FEC-9920-2D3B36D750DF 1F549F10
ProtectUefiImageCommon - 0x1F549028
  - 0x000000001FCB4000 - 0x0000000000006A00
InstallProtocolInterface: 18A031AB-B443-4D1A-A5C0-0C09261E9F71 1FCBA550
InstallProtocolInterface: 107A772C-D5E1-11D4-9A46-0090273FC14D 1FCBA544
InstallProtocolInterface: 6A7A5CFF-E8D9-4F70-BADA-75AB3025CE14 1FCBA538
Loading driver CD3BAFB6-50FB-4FE8-8E4E-AB74D2C1A600
InstallProtocolInterface: 5B1B31A1-9562-11D2-8E3F-00A0C969723B 1F5498A8
Loading driver at 0x0001FCB1000 EntryPoint=0x0001FCB2288 EnglishDxe.efi
InstallProtocolInterface: BC62157E-3E33-4FEC-9920-2D3B36D750DF 1F549210
ProtectUefiImageCommon - 0x1F5498A8
  - 0x000000001FCB1000 - 0x0000000000002200
InstallProtocolInterface: 1D85CD7F-F43D-11D2-9A0C-0090273FC14D 1FCB2CAC
InstallProtocolInterface: A4C751FC-23AE-4C3E-92E9-4964CF63F349 1FCB2C80
Loading driver 0167CCC4-D0F7-4F21-A3EF-9E64B7CDCE8B
InstallProtocolInterface: 5B1B31A1-9562-11D2-8E3F-00A0C969723B 1F548028
Loading driver at 0x0001FCAD000 EntryPoint=0x0001FCAED6D ScsiBus.efi
InstallProtocolInterface: BC62157E-3E33-4FEC-9920-2D3B36D750DF 1F548F10
ProtectUefiImageCommon - 0x1F548028
  - 0x000000001FCAD000 - 0x0000000000004000
InstallProtocolInterface: 18A031AB-B443-4D1A-A5C0-0C09261E9F71 1FCB0C08
InstallProtocolInterface: 107A772C-D5E1-11D4-9A46-0090273FC14D 1FCB0BFC
InstallProtocolInterface: 6A7A5CFF-E8D9-4F70-BADA-75AB3025CE14 1FCB0BF0
Loading driver 0A66E322-3740-4CCE-AD62-BD172CECCA35
InstallProtocolInterface: 5B1B31A1-9562-11D2-8E3F-00A0C969723B 1F5488A8
Loading driver at 0x0001FCA3000 EntryPoint=0x0001FCA6D05 ScsiDisk.efi
InstallProtocolInterface: BC62157E-3E33-4FEC-9920-2D3B36D750DF 1F548B90
ProtectUefiImageCommon - 0x1F5488A8
  - 0x000000001FCA3000 - 0x0000000000009940
InstallProtocolInterface: 18A031AB-B443-4D1A-A5C0-0C09261E9F71 1FCAC2A8
InstallProtocolInterface: 107A772C-D5E1-11D4-9A46-0090273FC14D 1FCAC29C
InstallProtocolInterface: 6A7A5CFF-E8D9-4F70-BADA-75AB3025CE14 1FCAC290
Loading driver 021722D8-522B-4079-852A-FE44C2C13F49
InstallProtocolInterface: 5B1B31A1-9562-11D2-8E3F-00A0C969723B 1F548328
Loading driver at 0x0001FC9F000 EntryPoint=0x0001FCA0D80 SataController.efi
InstallProtocolInterface: BC62157E-3E33-4FEC-9920-2D3B36D750DF 1F547F10
ProtectUefiImageCommon - 0x1F548328
  - 0x000000001FC9F000 - 0x0000000000003340
InstallProtocolInterface: 18A031AB-B443-4D1A-A5C0-0C09261E9F71 1FCA2048
InstallProtocolInterface: 107A772C-D5E1-11D4-9A46-0090273FC14D 1FCA203C
InstallProtocolInterface: 6A7A5CFF-E8D9-4F70-BADA-75AB3025CE14 1FCA2030
Loading driver 5E523CB4-D397-4986-87BD-A6DD8B22F455
InstallProtocolInterface: 5B1B31A1-9562-11D2-8E3F-00A0C969723B 1F5470A8
Loading driver at 0x0001ECE2000 EntryPoint=0x0001ECE6D20 AtaAtapiPassThruDxe.efi
InstallProtocolInterface: BC62157E-3E33-4FEC-9920-2D3B36D750DF 1F547910
ProtectUefiImageCommon - 0x1F5470A8
  - 0x000000001ECE2000 - 0x000000000000AB00
InstallProtocolInterface: 18A031AB-B443-4D1A-A5C0-0C09261E9F71 1ECEC428
InstallProtocolInterface: 107A772C-D5E1-11D4-9A46-0090273FC14D 1ECEC41C
InstallProtocolInterface: 6A7A5CFF-E8D9-4F70-BADA-75AB3025CE14 1ECEC410
Loading driver 19DF145A-B1D4-453F-8507-38816676D7F6
InstallProtocolInterface: 5B1B31A1-9562-11D2-8E3F-00A0C969723B 1F547328
Loading driver at 0x0001ECDB000 EntryPoint=0x0001ECDB2AC AtaBusDxe.efi
InstallProtocolInterface: BC62157E-3E33-4FEC-9920-2D3B36D750DF 1F547610
ProtectUefiImageCommon - 0x1F547328
  - 0x000000001ECDB000 - 0x00000000000064C0
InstallProtocolInterface: 18A031AB-B443-4D1A-A5C0-0C09261E9F71 1ECE0D88
InstallProtocolInterface: 107A772C-D5E1-11D4-9A46-0090273FC14D 1ECE0D7C
InstallProtocolInterface: 6A7A5CFF-E8D9-4F70-BADA-75AB3025CE14 1ECE0D70
Loading driver 5BE3BDF4-53CF-46A3-A6A9-73C34A6E5EE3
InstallProtocolInterface: 5B1B31A1-9562-11D2-8E3F-00A0C969723B 1F53DC28
Loading driver at 0x0001ECD0000 EntryPoint=0x0001ECD3DA2 NvmExpressDxe.efi
InstallProtocolInterface: BC62157E-3E33-4FEC-9920-2D3B36D750DF 1F53D790
ProtectUefiImageCommon - 0x1F53DC28
  - 0x000000001ECD0000 - 0x000000000000A1C0
InstallProtocolInterface: 18A031AB-B443-4D1A-A5C0-0C09261E9F71 1ECD9A9C
InstallProtocolInterface: 107A772C-D5E1-11D4-9A46-0090273FC14D 1ECD9A90
InstallProtocolInterface: 6A7A5CFF-E8D9-4F70-BADA-75AB3025CE14 1ECD9A84
InstallProtocolInterface: 5C198761-16A8-4E69-972C-89D67954F81D 1ECD9A7C
Loading driver 864E1CA8-85EB-4D63-9DCC-6E0FC90FFD55
InstallProtocolInterface: 5B1B31A1-9562-11D2-8E3F-00A0C969723B 1F53D228
Loading driver at 0x0001ECCC000 EntryPoint=0x0001ECCC468 SioBusDxe.efi
InstallProtocolInterface: BC62157E-3E33-4FEC-9920-2D3B36D750DF 1F53D510
ProtectUefiImageCommon - 0x1F53D228
  - 0x000000001ECCC000 - 0x0000000000003200
InstallProtocolInterface: 18A031AB-B443-4D1A-A5C0-0C09261E9F71 1ECCEEC0
InstallProtocolInterface: 107A772C-D5E1-11D4-9A46-0090273FC14D 1ECCEEB4
InstallProtocolInterface: 6A7A5CFF-E8D9-4F70-BADA-75AB3025CE14 1ECCEEA8
Loading driver E2775B47-D453-4EE3-ADA7-391A1B05AC17
InstallProtocolInterface: 5B1B31A1-9562-11D2-8E3F-00A0C969723B 1F540C28
Loading driver at 0x0001ECC5000 EntryPoint=0x0001ECC644E PciSioSerialDxe.efi
InstallProtocolInterface: BC62157E-3E33-4FEC-9920-2D3B36D750DF 1F540A90
ProtectUefiImageCommon - 0x1F540C28
  - 0x000000001ECC5000 - 0x00000000000066C0
InstallProtocolInterface: 18A031AB-B443-4D1A-A5C0-0C09261E9F71 1ECCB158
InstallProtocolInterface: 107A772C-D5E1-11D4-9A46-0090273FC14D 1ECCB14C
InstallProtocolInterface: 6A7A5CFF-E8D9-4F70-BADA-75AB3025CE14 1ECCB140
Loading driver C4D1F932-821F-4744-BF06-6D30F7730F8D
InstallProtocolInterface: 5B1B31A1-9562-11D2-8E3F-00A0C969723B 1F5401A8
Loading driver at 0x0001ECBF000 EntryPoint=0x0001ECBF3B5 Ps2KeyboardDxe.efi
InstallProtocolInterface: BC62157E-3E33-4FEC-9920-2D3B36D750DF 1F540490
ProtectUefiImageCommon - 0x1F5401A8
  - 0x000000001ECBF000 - 0x0000000000005A40
InstallProtocolInterface: 18A031AB-B443-4D1A-A5C0-0C09261E9F71 1ECC4508
InstallProtocolInterface: 107A772C-D5E1-11D4-9A46-0090273FC14D 1ECC44FC
InstallProtocolInterface: 6A7A5CFF-E8D9-4F70-BADA-75AB3025CE14 1ECC44F0
Loading driver B8E62775-BB0A-43F0-A843-5BE8B14F8CCD
InstallProtocolInterface: 5B1B31A1-9562-11D2-8E3F-00A0C969723B 1F544C28
Loading driver at 0x0001FC9C000 EntryPoint=0x0001FC9C573 BootGraphicsResourceTableDxe.efi
InstallProtocolInterface: BC62157E-3E33-4FEC-9920-2D3B36D750DF 1F544890
ProtectUefiImageCommon - 0x1F544C28
  - 0x000000001FC9C000 - 0x0000000000002940
InstallProtocolInterface: CDEA2BD3-FC25-4C1C-B97C-B31186064990 1FC9E5F8
InstallProtocolInterface: 4B5DC1DF-1EAA-48B2-A7E9-EAC489A00B5C 1FC9E5E0
Loading driver 961578FE-B6B7-44C3-AF35-6BC705CD2B1F
InstallProtocolInterface: 5B1B31A1-9562-11D2-8E3F-00A0C969723B 1F5444A8
Loading driver at 0x0001ECB5000 EntryPoint=0x0001ECBB464 Fat.efi
InstallProtocolInterface: BC62157E-3E33-4FEC-9920-2D3B36D750DF 1F544290
ProtectUefiImageCommon - 0x1F5444A8
  - 0x000000001ECB5000 - 0x0000000000009A00
InstallProtocolInterface: 18A031AB-B443-4D1A-A5C0-0C09261E9F71 1ECBE3D4
InstallProtocolInterface: 107A772C-D5E1-11D4-9A46-0090273FC14D 1ECBE3C8
InstallProtocolInterface: 6A7A5CFF-E8D9-4F70-BADA-75AB3025CE14 1ECBE3BC
Loading driver 905F13B0-8F91-4B0A-BD76-E1E78F9422E4
InstallProtocolInterface: 5B1B31A1-9562-11D2-8E3F-00A0C969723B 1F543C28
Loading driver at 0x0001ECAE000 EntryPoint=0x0001ECB2967 UdfDxe.efi
InstallProtocolInterface: BC62157E-3E33-4FEC-9920-2D3B36D750DF 1F543790
ProtectUefiImageCommon - 0x1F543C28
  - 0x000000001ECAE000 - 0x00000000000065C0
InstallProtocolInterface: 18A031AB-B443-4D1A-A5C0-0C09261E9F71 1ECB4178
InstallProtocolInterface: 107A772C-D5E1-11D4-9A46-0090273FC14D 1ECB416C
InstallProtocolInterface: 6A7A5CFF-E8D9-4F70-BADA-75AB3025CE14 1ECB4160
Loading driver A2F436EA-A127-4EF8-957C-8048606FF670
InstallProtocolInterface: 5B1B31A1-9562-11D2-8E3F-00A0C969723B 1F5431A8
Loading driver at 0x0001ECA6000 EntryPoint=0x0001ECA964C SnpDxe.efi
InstallProtocolInterface: BC62157E-3E33-4FEC-9920-2D3B36D750DF 1F543410
ProtectUefiImageCommon - 0x1F5431A8
  - 0x000000001ECA6000 - 0x0000000000007440
InstallProtocolInterface: 18A031AB-B443-4D1A-A5C0-0C09261E9F71 1ECACFE8
InstallProtocolInterface: 107A772C-D5E1-11D4-9A46-0090273FC14D 1ECACFDC
InstallProtocolInterface: 6A7A5CFF-E8D9-4F70-BADA-75AB3025CE14 1ECACFD0
Loading driver E4F61863-FE2C-4B56-A8F4-08519BC439DF
InstallProtocolInterface: 5B1B31A1-9562-11D2-8E3F-00A0C969723B 1F542BA8
Loading driver at 0x0001EC9F000 EntryPoint=0x0001ECA226B VlanConfigDxe.efi
InstallProtocolInterface: BC62157E-3E33-4FEC-9920-2D3B36D750DF 1F542D90
ProtectUefiImageCommon - 0x1F542BA8
  - 0x000000001EC9F000 - 0x0000000000006DC0
InstallProtocolInterface: 18A031AB-B443-4D1A-A5C0-0C09261E9F71 1ECA56A0
InstallProtocolInterface: 107A772C-D5E1-11D4-9A46-0090273FC14D 1ECA5694
InstallProtocolInterface: 6A7A5CFF-E8D9-4F70-BADA-75AB3025CE14 1ECA5688
Loading driver 025BBFC7-E6A9-4B8B-82AD-6815A1AEAF4A
InstallProtocolInterface: 5B1B31A1-9562-11D2-8E3F-00A0C969723B 1F542628
Loading driver at 0x0001EC94000 EntryPoint=0x0001EC96503 MnpDxe.efi
InstallProtocolInterface: BC62157E-3E33-4FEC-9920-2D3B36D750DF 1F542290
ProtectUefiImageCommon - 0x1F542628
  - 0x000000001EC94000 - 0x000000000000A400
InstallProtocolInterface: 18A031AB-B443-4D1A-A5C0-0C09261E9F71 1EC9DC18
InstallProtocolInterface: 107A772C-D5E1-11D4-9A46-0090273FC14D 1EC9DC0C
InstallProtocolInterface: 6A7A5CFF-E8D9-4F70-BADA-75AB3025CE14 1EC9DC00
Loading driver 529D3F93-E8E9-4E73-B1E1-BDF6A9D50113
InstallProtocolInterface: 5B1B31A1-9562-11D2-8E3F-00A0C969723B 1F541B28
Loading driver at 0x0001EC8E000 EntryPoint=0x0001EC90ACD ArpDxe.efi
InstallProtocolInterface: BC62157E-3E33-4FEC-9920-2D3B36D750DF 1F541E10
ProtectUefiImageCommon - 0x1F541B28
  - 0x000000001EC8E000 - 0x0000000000005E80
InstallProtocolInterface: 18A031AB-B443-4D1A-A5C0-0C09261E9F71 1EC939E4
InstallProtocolInterface: 107A772C-D5E1-11D4-9A46-0090273FC14D 1EC939D8
InstallProtocolInterface: 6A7A5CFF-E8D9-4F70-BADA-75AB3025CE14 1EC939CC
Loading driver 94734718-0BBC-47FB-96A5-EE7A5AE6A2AD
InstallProtocolInterface: 5B1B31A1-9562-11D2-8E3F-00A0C969723B 1F5411A8
Loading driver at 0x0001EC84000 EntryPoint=0x0001EC87257 Dhcp4Dxe.efi
InstallProtocolInterface: BC62157E-3E33-4FEC-9920-2D3B36D750DF 1F541790
ProtectUefiImageCommon - 0x1F5411A8
  - 0x000000001EC84000 - 0x0000000000009E80
InstallProtocolInterface: 18A031AB-B443-4D1A-A5C0-0C09261E9F71 1EC8D158
InstallProtocolInterface: 107A772C-D5E1-11D4-9A46-0090273FC14D 1EC8D14C
InstallProtocolInterface: 6A7A5CFF-E8D9-4F70-BADA-75AB3025CE14 1EC8D140
Loading driver 9FB1A1F3-3B71-4324-B39A-745CBB015FFF
InstallProtocolInterface: 5B1B31A1-9562-11D2-8E3F-00A0C969723B 1F53F028
Loading driver at 0x0001EC71000 EntryPoint=0x0001EC78006 Ip4Dxe.efi
InstallProtocolInterface: BC62157E-3E33-4FEC-9920-2D3B36D750DF 1F53FD90
ProtectUefiImageCommon - 0x1F53F028
  - 0x000000001EC71000 - 0x0000000000012700
InstallProtocolInterface: 18A031AB-B443-4D1A-A5C0-0C09261E9F71 1EC82AB4
InstallProtocolInterface: 107A772C-D5E1-11D4-9A46-0090273FC14D 1EC82AA8
InstallProtocolInterface: 6A7A5CFF-E8D9-4F70-BADA-75AB3025CE14 1EC82A9C
Loading driver 6D6963AB-906D-4A65-A7CA-BD40E5D6AF2B
InstallProtocolInterface: 5B1B31A1-9562-11D2-8E3F-00A0C969723B 1F53F6A8
Loading driver at 0x0001EC68000 EntryPoint=0x0001EC696F6 Udp4Dxe.efi
InstallProtocolInterface: BC62157E-3E33-4FEC-9920-2D3B36D750DF 1F53F310
ProtectUefiImageCommon - 0x1F53F6A8
  - 0x000000001EC68000 - 0x0000000000008CC0
InstallProtocolInterface: 18A031AB-B443-4D1A-A5C0-0C09261E9F71 1EC705D8
InstallProtocolInterface: 107A772C-D5E1-11D4-9A46-0090273FC14D 1EC705CC
InstallProtocolInterface: 6A7A5CFF-E8D9-4F70-BADA-75AB3025CE14 1EC705C0
Loading driver DC3641B8-2FA8-4ED3-BC1F-F9962A03454B
InstallProtocolInterface: 5B1B31A1-9562-11D2-8E3F-00A0C969723B 1F53EB28
Loading driver at 0x0001EC5E000 EntryPoint=0x0001EC625C9 Mtftp4Dxe.efi
InstallProtocolInterface: BC62157E-3E33-4FEC-9920-2D3B36D750DF 1F53EE10
ProtectUefiImageCommon - 0x1F53EB28
  - 0x000000001EC5E000 - 0x00000000000090C0
InstallProtocolInterface: 18A031AB-B443-4D1A-A5C0-0C09261E9F71 1EC66A68
InstallProtocolInterface: 107A772C-D5E1-11D4-9A46-0090273FC14D 1EC66A5C
InstallProtocolInterface: 6A7A5CFF-E8D9-4F70-BADA-75AB3025CE14 1EC66A50
Loading driver 1A7E4468-2F55-4A56-903C-01265EB7622B
InstallProtocolInterface: 5B1B31A1-9562-11D2-8E3F-00A0C969723B 1F53E1A8
Loading driver at 0x0001EC4C000 EntryPoint=0x0001EC51039 TcpDxe.efi
InstallProtocolInterface: BC62157E-3E33-4FEC-9920-2D3B36D750DF 1F53E790
ProtectUefiImageCommon - 0x1F53E1A8
  - 0x000000001EC4C000 - 0x00000000000116C0
InstallProtocolInterface: 18A031AB-B443-4D1A-A5C0-0C09261E9F71 1EC5CB64
InstallProtocolInterface: 107A772C-D5E1-11D4-9A46-0090273FC14D 1EC5CBB8
InstallProtocolInterface: 6A7A5CFF-E8D9-4F70-BADA-75AB3025CE14 1EC5CBAC
InstallProtocolInterface: 18A031AB-B443-4D1A-A5C0-0C09261E9F71 1EC5CB4C
InstallProtocolInterface: 107A772C-D5E1-11D4-9A46-0090273FC14D 1EC5CBB8
InstallProtocolInterface: 6A7A5CFF-E8D9-4F70-BADA-75AB3025CE14 1EC5CBAC
Loading driver B95E9FDA-26DE-48D2-8807-1F9107AC5E3A
InstallProtocolInterface: 5B1B31A1-9562-11D2-8E3F-00A0C969723B 1F53C0A8
Loading driver at 0x0001EC3B000 EntryPoint=0x0001EC3F513 UefiPxeBcDxe.efi
InstallProtocolInterface: BC62157E-3E33-4FEC-9920-2D3B36D750DF 1F53C890
ProtectUefiImageCommon - 0x1F53C0A8
  - 0x000000001EC3B000 - 0x0000000000010080
InstallProtocolInterface: 18A031AB-B443-4D1A-A5C0-0C09261E9F71 1EC4A700
InstallProtocolInterface: 107A772C-D5E1-11D4-9A46-0090273FC14D 1EC4A6AC
InstallProtocolInterface: 6A7A5CFF-E8D9-4F70-BADA-75AB3025CE14 1EC4A6A0
InstallProtocolInterface: 18A031AB-B443-4D1A-A5C0-0C09261E9F71 1EC4A6E8
InstallProtocolInterface: 107A772C-D5E1-11D4-9A46-0090273FC14D 1EC4A6AC
InstallProtocolInterface: 6A7A5CFF-E8D9-4F70-BADA-75AB3025CE14 1EC4A6A0
Loading driver 86CDDF93-4872-4597-8AF9-A35AE4D3725F
InstallProtocolInterface: 5B1B31A1-9562-11D2-8E3F-00A0C969723B 1F51E028
Loading driver at 0x0001EC1E000 EntryPoint=0x0001EC2061C IScsiDxe.efi
InstallProtocolInterface: BC62157E-3E33-4FEC-9920-2D3B36D750DF 1F51EF90
ProtectUefiImageCommon - 0x1F51E028
  - 0x000000001EC1E000 - 0x000000000001C6C0
InstallProtocolInterface: 18A031AB-B443-4D1A-A5C0-0C09261E9F71 1EC393F8
InstallProtocolInterface: 107A772C-D5E1-11D4-9A46-0090273FC14D 1EC395B0
InstallProtocolInterface: 6A7A5CFF-E8D9-4F70-BADA-75AB3025CE14 1EC395A4
InstallProtocolInterface: 18A031AB-B443-4D1A-A5C0-0C09261E9F71 1EC393E0
InstallProtocolInterface: 107A772C-D5E1-11D4-9A46-0090273FC14D 1EC395B0
InstallProtocolInterface: 6A7A5CFF-E8D9-4F70-BADA-75AB3025CE14 1EC395A4
InstallProtocolInterface: 59324945-EC44-4C0D-B1CD-9DB139DF070C 1EC393D8
InstallProtocolInterface: 09576E91-6D3F-11D2-8E39-00A0C969723B 1EC39398
InstallProtocolInterface: 330D4706-F2A0-4E4F-A369-B66FA8D54385 1F51E618
InstallProtocolInterface: 7671D9D0-53DB-4173-AA69-2327F21F0BC7 1EC393C0
Loading driver A92CDB4B-82F1-4E0B-A516-8A655D371524
InstallProtocolInterface: 5B1B31A1-9562-11D2-8E3F-00A0C969723B 1F537728
Loading driver at 0x0001EC18000 EntryPoint=0x0001EC1A744 VirtioNetDxe.efi
InstallProtocolInterface: BC62157E-3E33-4FEC-9920-2D3B36D750DF 1F537690
ProtectUefiImageCommon - 0x1F537728
  - 0x000000001EC18000 - 0x0000000000005880
InstallProtocolInterface: 18A031AB-B443-4D1A-A5C0-0C09261E9F71 1EC1D458
InstallProtocolInterface: 107A772C-D5E1-11D4-9A46-0090273FC14D 1EC1D44C
InstallProtocolInterface: 6A7A5CFF-E8D9-4F70-BADA-75AB3025CE14 1EC1D440
Loading driver 2FB92EFA-2EE0-4BAE-9EB6-7464125E1EF7
InstallProtocolInterface: 5B1B31A1-9562-11D2-8E3F-00A0C969723B 1F537228
Loading driver at 0x0001EC11000 EntryPoint=0x0001EC1583B UhciDxe.efi
InstallProtocolInterface: BC62157E-3E33-4FEC-9920-2D3B36D750DF 1F53BF90
ProtectUefiImageCommon - 0x1F537228
  - 0x000000001EC11000 - 0x0000000000006B00
InstallProtocolInterface: 18A031AB-B443-4D1A-A5C0-0C09261E9F71 1EC17608
InstallProtocolInterface: 107A772C-D5E1-11D4-9A46-0090273FC14D 1EC175FC
InstallProtocolInterface: 6A7A5CFF-E8D9-4F70-BADA-75AB3025CE14 1EC175F0
Loading driver BDFE430E-8F2A-4DB0-9991-6F856594777E
InstallProtocolInterface: 5B1B31A1-9562-11D2-8E3F-00A0C969723B 1F53B128
Loading driver at 0x0001EC08000 EntryPoint=0x0001EC08538 EhciDxe.efi
InstallProtocolInterface: BC62157E-3E33-4FEC-9920-2D3B36D750DF 1F53BB10
ProtectUefiImageCommon - 0x1F53B128
  - 0x000000001EC08000 - 0x0000000000008340
InstallProtocolInterface: 18A031AB-B443-4D1A-A5C0-0C09261E9F71 1EC0FD08
InstallProtocolInterface: 107A772C-D5E1-11D4-9A46-0090273FC14D 1EC0FCFC
InstallProtocolInterface: 6A7A5CFF-E8D9-4F70-BADA-75AB3025CE14 1EC0FCF0
Loading driver B7F50E91-A759-412C-ADE4-DCD03E7F7C28
InstallProtocolInterface: 5B1B31A1-9562-11D2-8E3F-00A0C969723B 1F53B428
Loading driver at 0x0001EBFB000 EntryPoint=0x0001EBFCB5E XhciDxe.efi
InstallProtocolInterface: BC62157E-3E33-4FEC-9920-2D3B36D750DF 1F53A010
ProtectUefiImageCommon - 0x1F53B428
  - 0x000000001EBFB000 - 0x000000000000C4C0
InstallProtocolInterface: 18A031AB-B443-4D1A-A5C0-0C09261E9F71 1EC06CC8
InstallProtocolInterface: 107A772C-D5E1-11D4-9A46-0090273FC14D 1EC06CBC
InstallProtocolInterface: 6A7A5CFF-E8D9-4F70-BADA-75AB3025CE14 1EC06CB0
Loading driver 240612B7-A063-11D4-9A3A-0090273FC14D
InstallProtocolInterface: 5B1B31A1-9562-11D2-8E3F-00A0C969723B 1F53ACA8
Loading driver at 0x0001EBF2000 EntryPoint=0x0001EBF7A6C UsbBusDxe.efi
InstallProtocolInterface: BC62157E-3E33-4FEC-9920-2D3B36D750DF 1F53AB10
ProtectUefiImageCommon - 0x1F53ACA8
  - 0x000000001EBF2000 - 0x0000000000008D80
InstallProtocolInterface: 18A031AB-B443-4D1A-A5C0-0C09261E9F71 1EBFA744
InstallProtocolInterface: 107A772C-D5E1-11D4-9A46-0090273FC14D 1EBFA738
InstallProtocolInterface: 6A7A5CFF-E8D9-4F70-BADA-75AB3025CE14 1EBFA72C
Loading driver 2D2E62CF-9ECF-43B7-8219-94E7FC713DFE
InstallProtocolInterface: 5B1B31A1-9562-11D2-8E3F-00A0C969723B 1F53A228
Loading driver at 0x0001EBEB000 EntryPoint=0x0001EBEC80B UsbKbDxe.efi
InstallProtocolInterface: BC62157E-3E33-4FEC-9920-2D3B36D750DF 1F53A510
ProtectUefiImageCommon - 0x1F53A228
  - 0x000000001EBEB000 - 0x00000000000065C0
InstallProtocolInterface: 18A031AB-B443-4D1A-A5C0-0C09261E9F71 1EBF0FFC
InstallProtocolInterface: 107A772C-D5E1-11D4-9A46-0090273FC14D 1EBF0FF0
InstallProtocolInterface: 6A7A5CFF-E8D9-4F70-BADA-75AB3025CE14 1EBF0FE4
Loading driver 9FB4B4A7-42C0-4BCD-8540-9BCC6711F83E
InstallProtocolInterface: 5B1B31A1-9562-11D2-8E3F-00A0C969723B 1F539C28
Loading driver at 0x0001EBE5000 EntryPoint=0x0001EBE7D7E UsbMassStorageDxe.efi
InstallProtocolInterface: BC62157E-3E33-4FEC-9920-2D3B36D750DF 1F539890
ProtectUefiImageCommon - 0x1F539C28
  - 0x000000001EBE5000 - 0x0000000000005500
InstallProtocolInterface: 18A031AB-B443-4D1A-A5C0-0C09261E9F71 1EBEA088
InstallProtocolInterface: 107A772C-D5E1-11D4-9A46-0090273FC14D 1EBEA07C
InstallProtocolInterface: 6A7A5CFF-E8D9-4F70-BADA-75AB3025CE14 1EBEA070
Loading driver E3752948-B9A1-4770-90C4-DF41C38986BE
InstallProtocolInterface: 5B1B31A1-9562-11D2-8E3F-00A0C969723B 1F5396A8
Loading driver at 0x0001EBDE000 EntryPoint=0x0001EBE014F QemuVideoDxe.efi
InstallProtocolInterface: BC62157E-3E33-4FEC-9920-2D3B36D750DF 1F539610
ProtectUefiImageCommon - 0x1F5396A8
  - 0x000000001EBDE000 - 0x0000000000006100
InstallProtocolInterface: 18A031AB-B443-4D1A-A5C0-0C09261E9F71 1EBE3CB0
InstallProtocolInterface: 107A772C-D5E1-11D4-9A46-0090273FC14D 1EBE3CA4
InstallProtocolInterface: 6A7A5CFF-E8D9-4F70-BADA-75AB3025CE14 1EBE3C98
Loading driver D6099B94-CD97-4CC5-8714-7F6312701A8A
InstallProtocolInterface: 5B1B31A1-9562-11D2-8E3F-00A0C969723B 1F538BA8
Loading driver at 0x0001EBD8000 EntryPoint=0x0001EBDB150 VirtioGpuDxe.efi
InstallProtocolInterface: BC62157E-3E33-4FEC-9920-2D3B36D750DF 1F538090
ProtectUefiImageCommon - 0x1F538BA8
  - 0x000000001EBD8000 - 0x0000000000005B40
InstallProtocolInterface: 18A031AB-B443-4D1A-A5C0-0C09261E9F71 1EBDD6C0
InstallProtocolInterface: 6A7A5CFF-E8D9-4F70-BADA-75AB3025CE14 1EBDD138
[Bds] Entry...
[BdsDxe] Locate Variable Lock protocol - Success
[Variable] Lock: 8BE4DF61-93CA-11D2-AA0D-00E098032B8C:PlatformLangCodes Success
[Variable] Lock: 8BE4DF61-93CA-11D2-AA0D-00E098032B8C:LangCodes Success
[Variable] Lock: 8BE4DF61-93CA-11D2-AA0D-00E098032B8C:BootOptionSupport Success
[Variable] Lock: 8BE4DF61-93CA-11D2-AA0D-00E098032B8C:HwErrRecSupport Success
[Variable] Lock: 8BE4DF61-93CA-11D2-AA0D-00E098032B8C:OsIndicationsSupported Success
Variable Driver Auto Update Lang, Lang:eng, PlatformLang:en Status: Success
[Variable] Lock: 8BE4DF61-93CA-11D2-AA0D-00E098032B8C:PlatformRecovery0000 Success
PlatformBootManagerBeforeConsole
Registered NotifyDevPath Event
PCI Bus First Scanning
PciBus: Discovered PCI @ [00|00|00]

PciBus: Discovered PCI @ [00|01|00]

PciBus: Discovered PCI @ [00|01|01]
   BAR[4]: Type =   Io32; Alignment = 0xF;	Length = 0x10;	Offset = 0x20

PciBus: Discovered PCI @ [00|01|03]

PciBus: Discovered PCI @ [00|02|00]
   BAR[0]: Type = PMem32; Alignment = 0xFFFFFF;	Length = 0x1000000;	Offset = 0x10
   BAR[2]: Type =  Mem32; Alignment = 0xFFF;	Length = 0x1000;	Offset = 0x18

PCI Bus Second Scanning
PciBus: Discovered PCI @ [00|00|00]

PciBus: Discovered PCI @ [00|01|00]

PciBus: Discovered PCI @ [00|01|01]
   BAR[4]: Type =   Io32; Alignment = 0xF;	Length = 0x10;	Offset = 0x20

PciBus: Discovered PCI @ [00|01|03]

PciBus: Discovered PCI @ [00|02|00]
   BAR[0]: Type = PMem32; Alignment = 0xFFFFFF;	Length = 0x1000000;	Offset = 0x10
   BAR[2]: Type =  Mem32; Alignment = 0xFFF;	Length = 0x1000;	Offset = 0x18

PciBus: Discovered PCI @ [00|00|00]

PciBus: Discovered PCI @ [00|01|00]

PciBus: Discovered PCI @ [00|01|01]
   BAR[4]: Type =   Io32; Alignment = 0xF;	Length = 0x10;	Offset = 0x20

PciBus: Discovered PCI @ [00|01|03]

PciBus: Discovered PCI @ [00|02|00]
   BAR[0]: Type = PMem32; Alignment = 0xFFFFFF;	Length = 0x1000000;	Offset = 0x10
   BAR[2]: Type =  Mem32; Alignment = 0xFFF;	Length = 0x1000;	Offset = 0x18

PciHostBridge: SubmitResources for PciRoot(0x0)
 I/O: Granularity/SpecificFlag = 0 / 01
      Length/Alignment = 0x1000 / 0xFFF
 Mem: Granularity/SpecificFlag = 32 / 00
      Length/Alignment = 0x1100000 / 0xFFFFFF
PciBus: HostBridge->SubmitResources() - Success
PciHostBridge: NotifyPhase (AllocateResources)
 RootBridge: PciRoot(0x0)
  Mem: Base/Length/Alignment = 80000000/1100000/FFFFFF - Success
  I/O: Base/Length/Alignment = C000/1000/FFF - Success
PciBus: HostBridge->NotifyPhase(AllocateResources) - Success
Process Option ROM: BAR Base/Length = 81000000/10000
PciBus: Resource Map for Root Bridge PciRoot(0x0)
Type =   Io16; Base = 0xC000;	Length = 0x1000;	Alignment = 0xFFF
   Base = 0xC000;	Length = 0x10;	Alignment = 0xF;	Owner = PCI [00|01|01:20]
Type =  Mem32; Base = 0x80000000;	Length = 0x1100000;	Alignment = 0xFFFFFF
   Base = 0x80000000;	Length = 0x1000000;	Alignment = 0xFFFFFF;	Owner = PCI [00|02|00:10]; Type = PMem32
   Base = 0x81000000;	Length = 0x10000;	Alignment = 0xFFFF;	Owner = PCI [00|00|00:00]; Type =  OpRom
   Base = 0x81010000;	Length = 0x1000;	Alignment = 0xFFF;	Owner = PCI [00|02|00:18]

InstallProtocolInterface: 09576E91-6D3F-11D2-8E39-00A0C969723B 1F52EA90
InstallProtocolInterface: 4CF5B200-68B8-4CA5-9EEC-B23E3F50029A 1F52E498
InstallProtocolInterface: 09576E91-6D3F-11D2-8E39-00A0C969723B 1F52DE90
InstallProtocolInterface: 4CF5B200-68B8-4CA5-9EEC-B23E3F50029A 1F52D018
InstallProtocolInterface: 09576E91-6D3F-11D2-8E39-00A0C969723B 1F52DF10
InstallProtocolInterface: 4CF5B200-68B8-4CA5-9EEC-B23E3F50029A 1F52D418
InstallProtocolInterface: 09576E91-6D3F-11D2-8E39-00A0C969723B 1F52DF90
InstallProtocolInterface: 4CF5B200-68B8-4CA5-9EEC-B23E3F50029A 1F52D818
InstallProtocolInterface: 09576E91-6D3F-11D2-8E39-00A0C969723B 1F52CE90
InstallProtocolInterface: 4CF5B200-68B8-4CA5-9EEC-B23E3F50029A 1F52C018
InstallProtocolInterface: 30CFE3E7-3DE1-4586-BE20-DEABA1B3B793 0
OnRootBridgesConnected: root bridges have been connected, installing ACPI tables
Select Item: 0x19
Select Item: 0x27
Select Item: 0x19
Select Item: 0x25
Select Item: 0x19
Select Item: 0x29
Select Item: 0x19
Select Item: 0x26
InstallQemuFwCfgTables: installed 6 tables
AcpiS3ContextSave!
AcpiS3Context: AcpiFacsTable is 0x1FE7E000
AcpiS3Context: IdtrProfile is 0x1FE71800
AcpiS3Context: S3NvsPageTableAddress is 0x       0
AcpiS3Context: S3DebugBufferAddress is 0x1FE70000
AcpiS3Context: BootScriptStackBase is 0x1EBD0000
AcpiS3Context: BootScriptStackSize is 0x    8000
[Variable]END_OF_DXE is signaled
Initialize variable error flag (FF)
Select Item: 0x19
Select Item: 0x25
InstallProtocolInterface: 60FF8964-E906-41D0-AFED-F241E974E08E 0
InstallProtocolInterface: FA20568B-548B-4B2B-81EF-1BA08D4A3CEC 0
Select Item: 0x0
FW CFG Signature: 0x554D4551
Select Item: 0x1
FW CFG Revision: 0x3
QemuFwCfg interface (DMA) is supported.
Select Item: 0x19
Select Item: 0x25
Found LPC Bridge device
BdsPlatform.c+596: COM1 DevPath: PciRoot(0x0)/Pci(0x1,0x0)/Serial(0x0)/Uart(115200,8,N,1)/VenMsg(E0C14753-F9BE-11D2-9A0C-0090273FC14D)
BdsPlatform.c+628: COM2 DevPath: PciRoot(0x0)/Pci(0x1,0x0)/Serial(0x1)/Uart(115200,8,N,1)/VenMsg(E0C14753-F9BE-11D2-9A0C-0090273FC14D)
Found PCI display device
QemuVideo: QEMU Standard VGA detected
QemuVideo: Using mmio bar @ 0x81010000
InstallProtocolInterface: 09576E91-6D3F-11D2-8E39-00A0C969723B 1F521090
QemuVideoBochsModeSetup: AvailableFbSize=0x1000000
Adding Mode 0 as Bochs Internal Mode 0: 640x480, 32-bit
Adding Mode 1 as Bochs Internal Mode 1: 800x480, 32-bit
Adding Mode 2 as Bochs Internal Mode 2: 800x600, 32-bit
Adding Mode 3 as Bochs Internal Mode 3: 832x624, 32-bit
Adding Mode 4 as Bochs Internal Mode 4: 960x640, 32-bit
Adding Mode 5 as Bochs Internal Mode 5: 1024x600, 32-bit
Adding Mode 6 as Bochs Internal Mode 6: 1024x768, 32-bit
Adding Mode 7 as Bochs Internal Mode 7: 1152x864, 32-bit
Adding Mode 8 as Bochs Internal Mode 8: 1152x870, 32-bit
Adding Mode 9 as Bochs Internal Mode 9: 1280x720, 32-bit
Adding Mode 10 as Bochs Internal Mode 10: 1280x760, 32-bit
Adding Mode 11 as Bochs Internal Mode 11: 1280x768, 32-bit
Adding Mode 12 as Bochs Internal Mode 12: 1280x800, 32-bit
Adding Mode 13 as Bochs Internal Mode 13: 1280x960, 32-bit
Adding Mode 14 as Bochs Internal Mode 14: 1280x1024, 32-bit
Adding Mode 15 as Bochs Internal Mode 15: 1360x768, 32-bit
Adding Mode 16 as Bochs Internal Mode 16: 1366x768, 32-bit
Adding Mode 17 as Bochs Internal Mode 17: 1400x1050, 32-bit
Adding Mode 18 as Bochs Internal Mode 18: 1440x900, 32-bit
Adding Mode 19 as Bochs Internal Mode 19: 1600x900, 32-bit
Adding Mode 20 as Bochs Internal Mode 20: 1600x1200, 32-bit
Adding Mode 21 as Bochs Internal Mode 21: 1680x1050, 32-bit
Adding Mode 22 as Bochs Internal Mode 22: 1920x1080, 32-bit
Adding Mode 23 as Bochs Internal Mode 23: 1920x1200, 32-bit
Adding Mode 24 as Bochs Internal Mode 24: 1920x1440, 32-bit
Adding Mode 25 as Bochs Internal Mode 25: 2000x2000, 32-bit
Adding Mode 26 as Bochs Internal Mode 26: 2048x1536, 32-bit
Adding Mode 27 as Bochs Internal Mode 27: 2048x2048, 32-bit
Adding Mode 28 as Bochs Internal Mode 28: 2560x1440, 32-bit
Adding Mode 29 as Bochs Internal Mode 29: 2560x1600, 32-bit
InitializeBochsGraphicsMode: 640x480 @ 32
PixelBlueGreenRedReserved8BitPerColor
FrameBufferBase: 0x80000000, FrameBufferSize: 0x12C000
0: shl:0 shr:0 mask:FF0000
1: shl:0 shr:0 mask:FF00
2: shl:0 shr:0 mask:FF
Bytes per pixel: 4
0: shl:0 shr:0 mask:FF0000
1: shl:0 shr:0 mask:FF00
2: shl:0 shr:0 mask:FF
Bytes per pixel: 4
InstallProtocolInterface: 9042A9DE-23DC-4A38-96FB-7ADED080516A 1F521428
InstallVbeShim: VBE shim installed
PixelBlueGreenRedReserved8BitPerColor
PixelBlueGreenRedReserved8BitPerColor
PixelBlueGreenRedReserved8BitPerColor
PixelBlueGreenRedReserved8BitPerColor
PixelBlueGreenRedReserved8BitPerColor
PixelBlueGreenRedReserved8BitPerColor
PixelBlueGreenRedReserved8BitPerColor
PixelBlueGreenRedReserved8BitPerColor
PixelBlueGreenRedReserved8BitPerColor
PixelBlueGreenRedReserved8BitPerColor
PixelBlueGreenRedReserved8BitPerColor
PixelBlueGreenRedReserved8BitPerColor
PixelBlueGreenRedReserved8BitPerColor
PixelBlueGreenRedReserved8BitPerColor
PixelBlueGreenRedReserved8BitPerColor
PixelBlueGreenRedReserved8BitPerColor
PixelBlueGreenRedReserved8BitPerColor
PixelBlueGreenRedReserved8BitPerColor
PixelBlueGreenRedReserved8BitPerColor
PixelBlueGreenRedReserved8BitPerColor
PixelBlueGreenRedReserved8BitPerColor
PixelBlueGreenRedReserved8BitPerColor
PixelBlueGreenRedReserved8BitPerColor
PixelBlueGreenRedReserved8BitPerColor
PixelBlueGreenRedReserved8BitPerColor
PixelBlueGreenRedReserved8BitPerColor
PixelBlueGreenRedReserved8BitPerColor
PixelBlueGreenRedReserved8BitPerColor
PixelBlueGreenRedReserved8BitPerColor
PixelBlueGreenRedReserved8BitPerColor
Select Item: 0xE
[Bds]RegisterKeyNotify: 000C/0000 80000000/00 Success
[Bds]RegisterKeyNotify: 0017/0000 80000000/00 Success
[Bds]RegisterKeyNotify: 0000/000D 80000000/00 Success
InstallProtocolInterface: 864E1CA8-85EB-4D63-9DCC-6E0FC90FFD55 1F520A90
InstallProtocolInterface: 09576E91-6D3F-11D2-8E39-00A0C969723B 1F4FA810
InstallProtocolInterface: 215FDD18-BD50-4FEB-890B-58CA0B4739E9 1F4FA920
InstallProtocolInterface: 09576E91-6D3F-11D2-8E39-00A0C969723B 1F553990
InstallProtocolInterface: 215FDD18-BD50-4FEB-890B-58CA0B4739E9 1F4F9EA0
InstallProtocolInterface: 09576E91-6D3F-11D2-8E39-00A0C969723B 1F4F9690
InstallProtocolInterface: 215FDD18-BD50-4FEB-890B-58CA0B4739E9 1F553820
ClockRate = 1843200
Divisor   = 1
BaudRate/Actual (115200/115200) = 100%
ClockRate = 1843200
Divisor   = 1
BaudRate/Actual (115200/115200) = 100%
InstallProtocolInterface: 09576E91-6D3F-11D2-8E39-00A0C969723B 1F4F7810
InstallProtocolInterface: BB25CF6F-F1D4-11D2-9A0C-0090273FC1FD 1F4F7718
PciSioSerial: Create SIO child serial device - Success
ClockRate = 1843200
Divisor   = 1
BaudRate/Actual (115200/115200) = 100%
Terminal - Mode 0, Column = 80, Row = 25
Terminal - Mode 1, Column = 80, Row = 50
Terminal - Mode 2, Column = 100, Row = 31
ClockRate = 1843200
Divisor   = 1
BaudRate/Actual (115200/115200) = 100%
InstallProtocolInterface: 387477C1-69C7-11D2-8E39-00A0C969723B 1F51FBA4
InstallProtocolInterface: DD9E7534-7762-4698-8C14-F58517A625AA 1F51FC2C
InstallProtocolInterface: 387477C2-69C7-11D2-8E39-00A0C969723B 1F51FBB0
InstallProtocolInterface: 09576E91-6D3F-11D2-8E39-00A0C969723B 1F51F410
InstallProtocolInterface: D3B36F2B-D551-11D4-9A46-0090273FC14D 0
InstallProtocolInterface: D3B36F2C-D551-11D4-9A46-0090273FC14D 0
InstallProtocolInterface: D3B36F2D-D551-11D4-9A46-0090273FC14D 0
ClockRate = 1843200
Divisor   = 1
BaudRate/Actual (115200/115200) = 100%
PciSioSerial: Create SIO child serial device - Device Error
PixelBlueGreenRedReserved8BitPerColor
PixelBlueGreenRedReserved8BitPerColor
PixelBlueGreenRedReserved8BitPerColor
InitializeBochsGraphicsMode: 800x600 @ 32
PixelBlueGreenRedReserved8BitPerColor
FrameBufferBase: 0x80000000, FrameBufferSize: 0x1D5000
0: shl:0 shr:0 mask:FF0000
1: shl:0 shr:0 mask:FF00
2: shl:0 shr:0 mask:FF
Bytes per pixel: 4
0: shl:0 shr:0 mask:FF0000
1: shl:0 shr:0 mask:FF00
2: shl:0 shr:0 mask:FF
Bytes per pixel: 4
GraphicsConsole video resolution 800 x 600
Graphics - Mode 0, Column = 80, Row = 25
Graphics - Mode 1, Column = 0, Row = 0
Graphics - Mode 2, Column = 100, Row = 31
Graphics Console Started, Mode: 0
InstallProtocolInterface: 387477C2-69C7-11D2-8E39-00A0C969723B 1F4F691C
InstallProtocolInterface: D3B36F2C-D551-11D4-9A46-0090273FC14D 0
PixelBlueGreenRedReserved8BitPerColor
PixelBlueGreenRedReserved8BitPerColor
PixelBlueGreenRedReserved8BitPerColor
PixelBlueGreenRedReserved8BitPerColor
PixelBlueGreenRedReserved8BitPerColor
PixelBlueGreenRedReserved8BitPerColor
PixelBlueGreenRedReserved8BitPerColor
PixelBlueGreenRedReserved8BitPerColor
PixelBlueGreenRedReserved8BitPerColor
PixelBlueGreenRedReserved8BitPerColor
PixelBlueGreenRedReserved8BitPerColor
PixelBlueGreenRedReserved8BitPerColor
PixelBlueGreenRedReserved8BitPerColor
PixelBlueGreenRedReserved8BitPerColor
PixelBlueGreenRedReserved8BitPerColor
PixelBlueGreenRedReserved8BitPerColor
PixelBlueGreenRedReserved8BitPerColor
PixelBlueGreenRedReserved8BitPerColor
PixelBlueGreenRedReserved8BitPerColor
PixelBlueGreenRedReserved8BitPerColor
PixelBlueGreenRedReserved8BitPerColor
PixelBlueGreenRedReserved8BitPerColor
PixelBlueGreenRedReserved8BitPerColor
PixelBlueGreenRedReserved8BitPerColor
PixelBlueGreenRedReserved8BitPerColor
PixelBlueGreenRedReserved8BitPerColor
PixelBlueGreenRedReserved8BitPerColor
PixelBlueGreenRedReserved8BitPerColor
PixelBlueGreenRedReserved8BitPerColor
PixelBlueGreenRedReserved8BitPerColor
InstallProtocolInterface: 9042A9DE-23DC-4A38-96FB-7ADED080516A 1FCD4FE8
InstallProtocolInterface: 387477C1-69C7-11D2-8E39-00A0C969723B 1F4EE018
InstallProtocolInterface: DD9E7534-7762-4698-8C14-F58517A625AA 1F4EE024
InstallProtocolInterface: D3B36F2B-D551-11D4-9A46-0090273FC14D 0
ClockRate = 1843200
Divisor   = 1
BaudRate/Actual (115200/115200) = 100%
PciSioSerial: Create SIO child serial device - Device Error
ClockRate = 1843200
Divisor   = 1
BaudRate/Actual (115200/115200) = 100%
PciSioSerial: Create SIO child serial device - Device Error
PlatformBootManagerAfterConsole
Found Mass Storage device: PciRoot(0x0)/Pci(0x1,0x1)
SataControllerStart START
InstallProtocolInterface: A1E37052-80D9-4E65-A317-3E9A55C43EC9 1F520214
SataControllerStart END status = Success
==AtaAtapiPassThru Start== Controller = 1F52CC90
[primary  ] channel [master] [harddisk] device
Enabled S.M.A.R.T feature at [primary] channel [master] device!
CalculateBestPioMode: AdvancedPioMode = 3
IdeInitCalculateMode: PioMode = 4
CalculateBestUdmaMode: DeviceUDmaMode = 203F
IdeInitCalculateMode: UdmaMode = 5
[secondary] channel [master] [cdrom   ] device
CalculateBestPioMode: AdvancedPioMode = 3
IdeInitCalculateMode: PioMode = 3
CalculateBestUdmaMode: DeviceUDmaMode = 203F
IdeInitCalculateMode: UdmaMode = 5
InstallProtocolInterface: 1D3DE7F0-0807-424F-AA69-11A54E19A46F 1F5211A8
InstallProtocolInterface: 143B7632-B81B-4CB7-ABD3-B625A5B9BFFE 1F5211D4
InstallProtocolInterface: 19DF145A-B1D4-453F-8507-38816676D7F6 1F4EC290
AtaBus - Identify Device: Port 0 PortMultiplierPort 0
InstallProtocolInterface: 09576E91-6D3F-11D2-8E39-00A0C969723B 1F4ECA10
InstallProtocolInterface: 964E5B21-6459-11D2-8E39-00A0C969723B 1F4EC318
InstallProtocolInterface: A77B2472-E282-4E9F-A245-C2C0E27BBCC1 1F4EC338
InstallProtocolInterface: D432A67F-14DC-484B-B3BB-3F0291849327 1F4EC380
Found TCG support in Port 0 PortMultiplierPort 0
InstallProtocolInterface: C88B0B6D-0DFC-49A7-9CB4-49074B4C3A78 1F4EC3A4
Successfully Install Storage Security Protocol on the ATA device
InstallProtocolInterface: 0167CCC4-D0F7-4F21-A3EF-9E64B7CDCE8B 1F4E9C98
InstallProtocolInterface: 09576E91-6D3F-11D2-8E39-00A0C969723B 1F4E9790
InstallProtocolInterface: 932F47E6-2362-4002-803E-3CD54B138F85 1F4E9A98
InstallProtocolInterface: 964E5B21-6459-11D2-8E39-00A0C969723B 1F4E8020
InstallProtocolInterface: A77B2472-E282-4E9F-A245-C2C0E27BBCC1 1F4E8040
InstallProtocolInterface: D432A67F-14DC-484B-B3BB-3F0291849327 1F4E810C
InstallProtocolInterface: CE345171-BA0B-11D2-8E4F-00A0C969723B 1F4E8B98
InstallProtocolInterface: 151C8EAE-7F2C-472C-9E54-9828194F6A88 1F4E8BA8
 BlockSize : 2048 
 LastBlock : 0 
FatOpenDevice: read of part_lba failed No Media
InstallProtocolInterface: CE345171-BA0B-11D2-8E4F-00A0C969723B 1F4C7F18
InstallProtocolInterface: 151C8EAE-7F2C-472C-9E54-9828194F6A88 1F4C7F28
 BlockSize : 512 
 LastBlock : 16E35 
 Valid efi partition table header
 Valid efi partition table header
 Valid primary and Valid backup partition table
 Partition entries read block success
 Number of partition entries: 128
 start check partition entries
 End check partition entries
 Index : 0
 Start LBA : 800
 End LBA : 16E14
 Partition size: 16615
 Start : 100000 End : 2DC2800
InstallProtocolInterface: 09576E91-6D3F-11D2-8E39-00A0C969723B 1F4C7A90
InstallProtocolInterface: 964E5B21-6459-11D2-8E39-00A0C969723B 1F4C75A0
InstallProtocolInterface: A77B2472-E282-4E9F-A245-C2C0E27BBCC1 1F4C75C0
InstallProtocolInterface: 8CF2F62C-BC9B-4821-808D-EC9EC421A1A0 1F4C7638
InstallProtocolInterface: C12A7328-F81F-11D2-BA4B-00A0C93EC93B 0
Prepare to Free Pool
InstallProtocolInterface: CE345171-BA0B-11D2-8E4F-00A0C969723B 1F4C7098
InstallProtocolInterface: 151C8EAE-7F2C-472C-9E54-9828194F6A88 1F4C70A8
 BlockSize : 512 
 LastBlock : 16614 
InstallProtocolInterface: 964E5B22-6459-11D2-8E39-00A0C969723B 1F4BE020
Installed Fat filesystem on 1F4C7810
FsAccess.c: LoadNvVarsFromFs
FsAccess.c: Could not open NV Variables file on this file system
Error while restoring NV variable data
FSOpen: Created new directory entry 'NvVars'
FSOpen: Open 'NvVars' Success
Saved NV Variables to NvVars file
EmuVariablesUpdatedCallback
FSOpen: Open 'NvVars' Success
Saved NV Variables to NvVars file
Boot Mode:0
Select Item: 0x8
Select Item: 0x17
qemu -kernel was not used.
PlatformBdsConnectSequence
Select Item: 0x19
EfiBootManagerConnectAll
ClockRate = 1843200
Divisor   = 1
BaudRate/Actual (115200/115200) = 100%
PciSioSerial: Create SIO child serial device - Device Error
SataControllerStart START
SataControllerStart error return status = Already started
 BlockSize : 2048 
 LastBlock : 0 
FatOpenDevice: read of part_lba failed No Media
 BlockSize : 512 
 LastBlock : 16E35 
 Valid efi partition table header
 Valid efi partition table header
 Valid primary and Valid backup partition table
 Partition entries read block success
 Number of partition entries: 128
 start check partition entries
 End check partition entries
 Index : 0
 Start LBA : 800
 End LBA : 16E14
 Partition size: 16615
 Start : 100000 End : 2DC2800
Prepare to Free Pool
ClockRate = 1843200
Divisor   = 1
BaudRate/Actual (115200/115200) = 100%
PciSioSerial: Create SIO child serial device - Device Error
SataControllerStart START
SataControllerStart error return status = Already started
 BlockSize : 2048 
 LastBlock : 0 
FatOpenDevice: read of part_lba failed No Media
 BlockSize : 512 
 LastBlock : 16E35 
 Valid efi partition table header
 Valid efi partition table header
 Valid primary and Valid backup partition table
 Partition entries read block success
 Number of partition entries: 128
 start check partition entries
 End check partition entries
 Index : 0
 Start LBA : 800
 End LBA : 16E14
 Partition size: 16615
 Start : 100000 End : 2DC2800
Prepare to Free Pool
ClockRate = 1843200
Divisor   = 1
BaudRate/Actual (115200/115200) = 100%
PciSioSerial: Create SIO child serial device - Device Error
 BlockSize : 512 
 LastBlock : 16E35 
 Valid efi partition table header
 Valid efi partition table header
 Valid primary and Valid backup partition table
 Partition entries read block success
 Number of partition entries: 128
 start check partition entries
 End check partition entries
 Index : 0
 Start LBA : 800
 End LBA : 16E14
 Partition size: 16615
 Start : 100000 End : 2DC2800
Prepare to Free Pool
 BlockSize : 2048 
 LastBlock : 0 
FatOpenDevice: read of part_lba failed No Media
EmuVariablesUpdatedCallback
FSOpen: Open 'NvVars' Success
Saved NV Variables to NvVars file
EmuVariablesUpdatedCallback
FSOpen: Open 'NvVars' Success
Saved NV Variables to NvVars file
EmuVariablesUpdatedCallback
FSOpen: Open 'NvVars' Success
Saved NV Variables to NvVars file
EmuVariablesUpdatedCallback
FSOpen: Open 'NvVars' Success
Saved NV Variables to NvVars file
EmuVariablesUpdatedCallback
FSOpen: Open 'NvVars' Success
Saved NV Variables to NvVars file
EmuVariablesUpdatedCallback
FSOpen: Open 'NvVars' Success
Saved NV Variables to NvVars file
Select Item: 0x19
[Bds]OsIndication: 0000000000000000
[Bds]=============Begin Load Options Dumping ...=============
  Driver Options:
  SysPrep Options:
  Boot Options:
    Boot0000: UiApp 		 0x0109
    Boot0001: UEFI QEMU DVD-ROM QM00003  		 0x0001
    Boot0002: UEFI QEMU HARDDISK QM00001  		 0x0001
    Boot0003: EFI Internal Shell 		 0x0001
  PlatformRecovery Options:
    PlatformRecovery0000: Default PlatformRecovery 		 0x0001
[Bds]=============End Load Options Dumping=============
[Bds]BdsWait ...Zzzzzzzzzzzz...
[Bds]Exit the waiting!
[Bds]Stop Hotkey Service!
[Bds]UnregisterKeyNotify: 000C/0000 Success
[Bds]UnregisterKeyNotify: 0017/0000 Success
[Bds]UnregisterKeyNotify: 0000/000D Success
Memory  Previous  Current    Next   
 Type    Pages     Pages     Pages  
======  ========  ========  ========
  0A    00000004  00000022  0000002A
  09    00000008  00000008  00000008
  00    00000004  0000001F  00000026
  06    00000024  000000C2  000000F2
  05    00000030  0000003E  0000004D
  03    00000180  00000295  0000033A
  04    00000F00  00000D70  00000F00
EmuVariablesUpdatedCallback
FSOpen: Open 'NvVars' Success
Saved NV Variables to NvVars file
Memory Type Information settings change.
[Bds]Booting UEFI QEMU DVD-ROM QM00003 
FatOpenDevice: read of part_lba failed No Media
 BlockSize : 2048 
 LastBlock : 0 
FatOpenDevice: read of part_lba failed No Media
[Bds] Expand PciRoot(0x0)/Pci(0x1,0x1)/Ata(Secondary,Master,0x0) -> <null string>
Memory  Previous  Current    Next   
 Type    Pages     Pages     Pages  
======  ========  ========  ========
  0A    00000004  00000022  0000002A
  09    00000008  00000008  00000008
  00    00000004  0000001F  00000026
  06    00000024  000000C2  000000F2
  05    00000030  0000003E  0000004D
  03    00000180  00000295  0000033A
  04    00000F00  00000D79  00000F00
Memory Type Information settings change.
[Bds]Booting UEFI QEMU HARDDISK QM00001 
 BlockSize : 512 
 LastBlock : 16E35 
 Valid efi partition table header
 Valid efi partition table header
 Valid primary and Valid backup partition table
 Partition entries read block success
 Number of partition entries: 128
 start check partition entries
 End check partition entries
 Index : 0
 Start LBA : 800
 End LBA : 16E14
 Partition size: 16615
 Start : 100000 End : 2DC2800
Prepare to Free Pool
FSOpen: Open '\EFI\BOOT\BOOTIA32.EFI' Success
[Bds] Expand PciRoot(0x0)/Pci(0x1,0x1)/Ata(Primary,Master,0x0) -> PciRoot(0x0)/Pci(0x1,0x1)/Ata(Primary,Master,0x0)/HD(1,GPT,C6E40D0F-5591-471D-9A78-CEE5B286BEE2,0x800,0x16615)/\EFI\BOOT\BOOTIA32.EFI
[Security] 3rd party image[0] can be loaded after EndOfDxe: PciRoot(0x0)/Pci(0x1,0x1)/Ata(Primary,Master,0x0)/HD(1,GPT,C6E40D0F-5591-471D-9A78-CEE5B286BEE2,0x800,0x16615)/\EFI\BOOT\BOOTIA32.EFI.
InstallProtocolInterface: 5B1B31A1-9562-11D2-8E3F-00A0C969723B 1F0267A8
Loading driver at 0x0001EB9F000 EntryPoint=0x0001EBA0C52 Loader.efi
InstallProtocolInterface: BC62157E-3E33-4FEC-9920-2D3B36D750DF 1F026910
ProtectUefiImageCommon - 0x1F0267A8
  - 0x000000001EB9F000 - 0x000000000000B100
InitializeBochsGraphicsMode: 640x480 @ 32
PixelBlueGreenRedReserved8BitPerColor
FrameBufferBase: 0x80000000, FrameBufferSize: 0x12C000
0: shl:0 shr:0 mask:FF0000
1: shl:0 shr:0 mask:FF00
2: shl:0 shr:0 mask:FF
Bytes per pixel: 4
PixelBlueGreenRedReserved8BitPerColor
InitializeBochsGraphicsMode: 640x480 @ 32
PixelBlueGreenRedReserved8BitPerColor
FrameBufferBase: 0x80000000, FrameBufferSize: 0x12C000
0: shl:0 shr:0 mask:FF0000
1: shl:0 shr:0 mask:FF00
2: shl:0 shr:0 mask:FF
Bytes per pixel: 4
FSOpen: Open '\EFI\BOOT\Kernel64.txt' Success
FSOpen: Open '\EFI\BOOT\kernel' Success
ClockRate = 1843200
Divisor   = 1
BaudRate/Actual (115200/115200) = 100%
ClockRate = 1843200
Divisor   = 1
BaudRate/Actual (115200/115200) = 100%
ClockRate = 1843200
Divisor   = 1
BaudRate/Actual (115200/115200) = 100%
ClockRate = 1843200
Divisor   = 1
BaudRate/Actual (115200/115200) = 100%
ClockRate = 1843200
Divisor   = 1
BaudRate/Actual (115200/115200) = 100%
ClockRate = 1843200
Divisor   = 1
BaudRate/Actual (115200/115200) = 100%
ClockRate = 1843200
Divisor   = 1
BaudRate/Actual (115200/115200) = 100%
ClockRate = 1843200
Divisor   = 1
BaudRate/Actual (115200/115200) = 100%
SetUefiImageMemoryAttributes - 0x000000001FE46000 - 0x0000000000006000 (0x0000000000000000)
SetUefiImageMemoryAttributes - 0x000000001FE40000 - 0x0000000000006000 (0x0000000000000000)
SetUefiImageMemoryAttributes - 0x000000001FE39000 - 0x0000000000007000 (0x0000000000000000)
SetUefiImageMemoryAttributes - 0x000000001FE33000 - 0x0000000000006000 (0x0000000000000000)
SetUefiImageMemoryAttributes - 0x000000001FE25000 - 0x000000000000E000 (0x0000000000000000)
SetUefiImageMemoryAttributes - 0x000000001FE1F000 - 0x0000000000006000 (0x0000000000000000)
SetUefiImageMemoryAttributes - 0x000000001ED06000 - 0x0000000000007000 (0x0000000000000000)
SetUefiImageMemoryAttributes - 0x000000001ECFC000 - 0x0000000000005000 (0x0000000000000000)
SetUefiImageMemoryAttributes - 0x000000001ECF2000 - 0x0000000000005000 (0x0000000000000000)
